[0.159s] DEBUG:colcon:Command line arguments: ['/usr/bin/colcon', 'build', '--symlink-install']
[0.159s] DEBUG:colcon:Parsed command line arguments: Namespace(log_base=None, log_level=None, verb_name='build', build_base='build', install_base='install', merge_install=False, symlink_install=True, test_result_base=None, continue_on_error=False, executor='parallel', parallel_workers=1, event_handlers=None, ignore_user_meta=False, metas=['./colcon.meta'], base_paths=['.'], packages_ignore=None, packages_ignore_regex=None, paths=None, packages_up_to=None, packages_up_to_regex=None, packages_above=None, packages_above_and_dependencies=None, packages_above_depth=None, packages_select_by_dep=None, packages_skip_by_dep=None, packages_skip_up_to=None, packages_select_build_failed=False, packages_skip_build_finished=False, packages_select_test_failures=False, packages_skip_test_passed=False, packages_select=None, packages_skip=None, packages_select_regex=None, packages_skip_regex=None, packages_start=None, packages_end=None, allow_overriding=[], cmake_args=None, cmake_target=None, cmake_target_skip_unavailable=False, cmake_clean_cache=False, cmake_clean_first=False, cmake_force_configure=False, ament_cmake_args=None, catkin_cmake_args=None, catkin_skip_building_tests=False, mixin_files=None, mixin=None, verb_parser=<colcon_mixin.mixin.mixin_argument.MixinArgumentDecorator object at 0x7404cd431c30>, verb_extension=<colcon_core.verb.build.BuildVerb object at 0x7404cd4312a0>, main=<bound method BuildVerb.main of <colcon_core.verb.build.BuildVerb object at 0x7404cd4312a0>>, mixin_verb=('build',))
[0.409s] Level 1:colcon.colcon_core.package_discovery:discover_packages(colcon_meta) check parameters
[0.410s] Level 1:colcon.colcon_core.package_discovery:discover_packages(recursive) check parameters
[0.410s] Level 1:colcon.colcon_core.package_discovery:discover_packages(ignore) check parameters
[0.410s] Level 1:colcon.colcon_core.package_discovery:discover_packages(path) check parameters
[0.410s] Level 1:colcon.colcon_core.package_discovery:discover_packages(colcon_meta) discover
[0.410s] Level 1:colcon.colcon_core.package_discovery:discover_packages(recursive) discover
[0.410s] INFO:colcon.colcon_core.package_discovery:Crawling recursively for packages in '/home/aiguy/project_ai'
[0.410s] Level 1:colcon.colcon_core.package_identification:_identify(.) by extensions ['ignore', 'ignore_ament_install']
[0.410s] Level 1:colcon.colcon_core.package_identification:_identify(.) by extension 'ignore'
[0.410s] Level 1:colcon.colcon_core.package_identification:_identify(.) by extension 'ignore_ament_install'
[0.410s] Level 1:colcon.colcon_core.package_identification:_identify(.) by extensions ['colcon_pkg']
[0.410s] Level 1:colcon.colcon_core.package_identification:_identify(.) by extension 'colcon_pkg'
[0.410s] Level 1:colcon.colcon_core.package_identification:_identify(.) by extensions ['colcon_meta']
[0.410s] Level 1:colcon.colcon_core.package_identification:_identify(.) by extension 'colcon_meta'
[0.410s] Level 1:colcon.colcon_core.package_identification:_identify(.) by extensions ['ros']
[0.410s] Level 1:colcon.colcon_core.package_identification:_identify(.) by extension 'ros'
[0.432s] DEBUG:colcon.colcon_core.package_identification:Package '.' with type 'ros.ament_cmake' and name 'project_ai'
[0.432s] Level 1:colcon.colcon_core.package_discovery:discover_packages(recursive) using defaults
[0.433s] Level 1:colcon.colcon_core.package_discovery:discover_packages(ignore) discover
[0.433s] Level 1:colcon.colcon_core.package_discovery:discover_packages(ignore) using defaults
[0.433s] Level 1:colcon.colcon_core.package_discovery:discover_packages(path) discover
[0.433s] Level 1:colcon.colcon_core.package_discovery:discover_packages(path) using defaults
[0.473s] Level 1:colcon.colcon_core.package_discovery:discover_packages(prefix_path) check parameters
[0.473s] Level 1:colcon.colcon_core.package_discovery:discover_packages(prefix_path) discover
[0.477s] DEBUG:colcon.colcon_installed_package_information.package_discovery:Found 346 installed packages in /opt/ros/humble
[0.481s] Level 1:colcon.colcon_core.package_discovery:discover_packages(prefix_path) using defaults
[0.557s] Level 5:colcon.colcon_core.verb:set package 'project_ai' build argument 'cmake_args' from command line to 'None'
[0.557s] Level 5:colcon.colcon_core.verb:set package 'project_ai' build argument 'cmake_target' from command line to 'None'
[0.557s] Level 5:colcon.colcon_core.verb:set package 'project_ai' build argument 'cmake_target_skip_unavailable' from command line to 'False'
[0.557s] Level 5:colcon.colcon_core.verb:set package 'project_ai' build argument 'cmake_clean_cache' from command line to 'False'
[0.557s] Level 5:colcon.colcon_core.verb:set package 'project_ai' build argument 'cmake_clean_first' from command line to 'False'
[0.557s] Level 5:colcon.colcon_core.verb:set package 'project_ai' build argument 'cmake_force_configure' from command line to 'False'
[0.557s] Level 5:colcon.colcon_core.verb:set package 'project_ai' build argument 'ament_cmake_args' from command line to 'None'
[0.557s] Level 5:colcon.colcon_core.verb:set package 'project_ai' build argument 'catkin_cmake_args' from command line to 'None'
[0.557s] Level 5:colcon.colcon_core.verb:set package 'project_ai' build argument 'catkin_skip_building_tests' from command line to 'False'
[0.557s] DEBUG:colcon.colcon_core.verb:Building package 'project_ai' with the following arguments: {'ament_cmake_args': None, 'build_base': '/home/aiguy/project_ai/build/project_ai', 'catkin_cmake_args': None, 'catkin_skip_building_tests': False, 'cmake_args': None, 'cmake_clean_cache': False, 'cmake_clean_first': False, 'cmake_force_configure': False, 'cmake_target': None, 'cmake_target_skip_unavailable': False, 'install_base': '/home/aiguy/project_ai/install/project_ai', 'merge_install': False, 'path': '/home/aiguy/project_ai', 'symlink_install': True, 'test_result_base': None}
[0.557s] INFO:colcon.colcon_core.executor:Executing jobs using 'parallel' executor
[0.558s] DEBUG:colcon.colcon_parallel_executor.executor.parallel:run_until_complete
[0.559s] INFO:colcon.colcon_ros.task.ament_cmake.build:Building ROS package in '/home/aiguy/project_ai' with build type 'ament_cmake'
[0.559s] INFO:colcon.colcon_cmake.task.cmake.build:Building CMake package in '/home/aiguy/project_ai'
[0.561s] INFO:colcon.colcon_core.plugin_system:Skipping extension 'colcon_core.shell.bat': Not used on non-Windows systems
[0.561s] INFO:colcon.colcon_core.shell:Skip shell extension 'powershell' for command environment: Not usable outside of PowerShell
[0.561s] DEBUG:colcon.colcon_core.shell:Skip shell extension 'dsv' for command environment
[0.569s] DEBUG:colcon.colcon_core.event_handler.log_command:Invoking command in '/home/aiguy/project_ai/build/project_ai': CMAKE_PREFIX_PATH=/opt/ros/humble /usr/bin/cmake /home/aiguy/project_ai -DAMENT_CMAKE_SYMLINK_INSTALL=1 -DCMAKE_INSTALL_PREFIX=/home/aiguy/project_ai/install/project_ai
[14.775s] DEBUG:colcon.colcon_core.event_handler.log_command:Invoked command in '/home/aiguy/project_ai/build/project_ai' returned '0': CMAKE_PREFIX_PATH=/opt/ros/humble /usr/bin/cmake /home/aiguy/project_ai -DAMENT_CMAKE_SYMLINK_INSTALL=1 -DCMAKE_INSTALL_PREFIX=/home/aiguy/project_ai/install/project_ai
[14.776s] DEBUG:colcon.colcon_core.event_handler.log_command:Invoking command in '/home/aiguy/project_ai/build/project_ai': CMAKE_PREFIX_PATH=/opt/ros/humble /usr/bin/cmake --build /home/aiguy/project_ai/build/project_ai -- -j1 -l1
[52.969s] DEBUG:colcon.colcon_core.event_handler.log_command:Invoked command in '/home/aiguy/project_ai/build/project_ai' returned '0': CMAKE_PREFIX_PATH=/opt/ros/humble /usr/bin/cmake --build /home/aiguy/project_ai/build/project_ai -- -j1 -l1
[53.027s] DEBUG:colcon.colcon_core.event_handler.log_command:Invoking command in '/home/aiguy/project_ai/build/project_ai': CMAKE_PREFIX_PATH=/opt/ros/humble /usr/bin/cmake --install /home/aiguy/project_ai/build/project_ai
[53.343s] Level 1:colcon.colcon_core.environment:create_environment_scripts_only(project_ai)
[53.345s] DEBUG:colcon.colcon_core.event_handler.log_command:Invoked command in '/home/aiguy/project_ai/build/project_ai' returned '0': CMAKE_PREFIX_PATH=/opt/ros/humble /usr/bin/cmake --install /home/aiguy/project_ai/build/project_ai
[53.347s] Level 1:colcon.colcon_core.environment:checking '/home/aiguy/project_ai/install/project_ai' for CMake module files
[53.348s] Level 1:colcon.colcon_core.environment:checking '/home/aiguy/project_ai/install/project_ai' for CMake config files
[53.348s] Level 1:colcon.colcon_core.shell:create_environment_hook('project_ai', 'cmake_prefix_path')
[53.349s] INFO:colcon.colcon_core.shell:Creating environment hook '/home/aiguy/project_ai/install/project_ai/share/project_ai/hook/cmake_prefix_path.ps1'
[53.350s] INFO:colcon.colcon_core.shell:Creating environment descriptor '/home/aiguy/project_ai/install/project_ai/share/project_ai/hook/cmake_prefix_path.dsv'
[53.350s] INFO:colcon.colcon_core.shell:Creating environment hook '/home/aiguy/project_ai/install/project_ai/share/project_ai/hook/cmake_prefix_path.sh'
[53.351s] Level 1:colcon.colcon_core.environment:checking '/home/aiguy/project_ai/install/project_ai/lib'
[53.352s] Level 1:colcon.colcon_core.environment:checking '/home/aiguy/project_ai/install/project_ai/bin'
[53.352s] Level 1:colcon.colcon_core.environment:checking '/home/aiguy/project_ai/install/project_ai/lib/pkgconfig/project_ai.pc'
[53.352s] Level 1:colcon.colcon_core.environment:checking '/home/aiguy/project_ai/install/project_ai/lib/python3.10/site-packages'
[53.353s] Level 1:colcon.colcon_core.environment:checking '/home/aiguy/project_ai/install/project_ai/bin'
[53.353s] INFO:colcon.colcon_core.shell:Creating package script '/home/aiguy/project_ai/install/project_ai/share/project_ai/package.ps1'
[53.354s] INFO:colcon.colcon_core.shell:Creating package descriptor '/home/aiguy/project_ai/install/project_ai/share/project_ai/package.dsv'
[53.355s] INFO:colcon.colcon_core.shell:Creating package script '/home/aiguy/project_ai/install/project_ai/share/project_ai/package.sh'
[53.356s] INFO:colcon.colcon_core.shell:Creating package script '/home/aiguy/project_ai/install/project_ai/share/project_ai/package.bash'
[53.357s] INFO:colcon.colcon_core.shell:Creating package script '/home/aiguy/project_ai/install/project_ai/share/project_ai/package.zsh'
[53.358s] Level 1:colcon.colcon_core.environment:create_file_with_runtime_dependencies(/home/aiguy/project_ai/install/project_ai/share/colcon-core/packages/project_ai)
[53.404s] Level 1:colcon.colcon_core.environment:create_environment_scripts_only(project_ai)
[53.404s] Level 1:colcon.colcon_core.environment:checking '/home/aiguy/project_ai/install/project_ai' for CMake module files
[53.405s] Level 1:colcon.colcon_core.environment:checking '/home/aiguy/project_ai/install/project_ai' for CMake config files
[53.405s] Level 1:colcon.colcon_core.shell:create_environment_hook('project_ai', 'cmake_prefix_path')
[53.406s] INFO:colcon.colcon_core.shell:Creating environment hook '/home/aiguy/project_ai/install/project_ai/share/project_ai/hook/cmake_prefix_path.ps1'
[53.406s] INFO:colcon.colcon_core.shell:Creating environment descriptor '/home/aiguy/project_ai/install/project_ai/share/project_ai/hook/cmake_prefix_path.dsv'
[53.407s] INFO:colcon.colcon_core.shell:Creating environment hook '/home/aiguy/project_ai/install/project_ai/share/project_ai/hook/cmake_prefix_path.sh'
[53.408s] Level 1:colcon.colcon_core.environment:checking '/home/aiguy/project_ai/install/project_ai/lib'
[53.408s] Level 1:colcon.colcon_core.environment:checking '/home/aiguy/project_ai/install/project_ai/bin'
[53.408s] Level 1:colcon.colcon_core.environment:checking '/home/aiguy/project_ai/install/project_ai/lib/pkgconfig/project_ai.pc'
[53.409s] Level 1:colcon.colcon_core.environment:checking '/home/aiguy/project_ai/install/project_ai/lib/python3.10/site-packages'
[53.409s] Level 1:colcon.colcon_core.environment:checking '/home/aiguy/project_ai/install/project_ai/bin'
[53.410s] INFO:colcon.colcon_core.shell:Creating package script '/home/aiguy/project_ai/install/project_ai/share/project_ai/package.ps1'
[53.410s] INFO:colcon.colcon_core.shell:Creating package descriptor '/home/aiguy/project_ai/install/project_ai/share/project_ai/package.dsv'
[53.411s] INFO:colcon.colcon_core.shell:Creating package script '/home/aiguy/project_ai/install/project_ai/share/project_ai/package.sh'
[53.411s] INFO:colcon.colcon_core.shell:Creating package script '/home/aiguy/project_ai/install/project_ai/share/project_ai/package.bash'
[53.412s] INFO:colcon.colcon_core.shell:Creating package script '/home/aiguy/project_ai/install/project_ai/share/project_ai/package.zsh'
[53.412s] Level 1:colcon.colcon_core.environment:create_file_with_runtime_dependencies(/home/aiguy/project_ai/install/project_ai/share/colcon-core/packages/project_ai)
[53.413s] DEBUG:colcon.colcon_parallel_executor.executor.parallel:closing loop
[53.413s] DEBUG:colcon.colcon_parallel_executor.executor.parallel:loop closed
[53.413s] DEBUG:colcon.colcon_parallel_executor.executor.parallel:run_until_complete finished with '0'
[53.414s] DEBUG:colcon.colcon_core.event_reactor:joining thread
[53.431s] INFO:colcon.colcon_core.plugin_system:Skipping extension 'colcon_notification.desktop_notification.terminal_notifier': Not used on non-Darwin systems
[53.432s] INFO:colcon.colcon_core.plugin_system:Skipping extension 'colcon_notification.desktop_notification.win32': Not used on non-Windows systems
[53.432s] INFO:colcon.colcon_notification.desktop_notification:Sending desktop notification using 'notify2'
[53.456s] DEBUG:colcon.colcon_core.event_reactor:joined thread
[53.456s] INFO:colcon.colcon_core.shell:Creating prefix script '/home/aiguy/project_ai/install/local_setup.ps1'
[53.458s] INFO:colcon.colcon_core.shell:Creating prefix util module '/home/aiguy/project_ai/install/_local_setup_util_ps1.py'
[53.464s] INFO:colcon.colcon_core.shell:Creating prefix chain script '/home/aiguy/project_ai/install/setup.ps1'
[53.470s] INFO:colcon.colcon_core.shell:Creating prefix script '/home/aiguy/project_ai/install/local_setup.sh'
[53.471s] INFO:colcon.colcon_core.shell:Creating prefix util module '/home/aiguy/project_ai/install/_local_setup_util_sh.py'
[53.471s] INFO:colcon.colcon_core.shell:Creating prefix chain script '/home/aiguy/project_ai/install/setup.sh'
[53.473s] INFO:colcon.colcon_core.shell:Creating prefix script '/home/aiguy/project_ai/install/local_setup.bash'
[53.474s] INFO:colcon.colcon_core.shell:Creating prefix chain script '/home/aiguy/project_ai/install/setup.bash'
[53.479s] INFO:colcon.colcon_core.shell:Creating prefix script '/home/aiguy/project_ai/install/local_setup.zsh'
[53.480s] INFO:colcon.colcon_core.shell:Creating prefix chain script '/home/aiguy/project_ai/install/setup.zsh'
