[0.007s] Invoking command in '/home/aiguy/project_ai/build/project_ai': CMAKE_PREFIX_PATH=/opt/ros/humble /usr/bin/cmake /home/aiguy/project_ai -DAMENT_CMAKE_SYMLINK_INSTALL=1 -DCMAKE_INSTALL_PREFIX=/home/aiguy/project_ai/install/project_ai
[0.200s] -- The C compiler identification is GNU 11.4.0
[0.285s] -- The CXX compiler identification is GNU 11.4.0
[0.307s] -- Detecting C compiler ABI info
[0.404s] -- Detecting C compiler ABI info - done
[0.421s] -- Check for working C compiler: /usr/bin/cc - skipped
[0.425s] -- Detecting C compile features
[0.427s] -- Detecting C compile features - done
[0.438s] -- Detecting CXX compiler ABI info
[0.539s] -- Detecting CXX compiler ABI info - done
[0.557s] -- Check for working CXX compiler: /usr/bin/c++ - skipped
[0.557s] -- Detecting CXX compile features
[0.559s] -- Detecting CXX compile features - done
[0.575s] -- Found ament_cmake: 1.3.8 (/opt/ros/humble/share/ament_cmake/cmake)
[0.793s] -- Found Python3: /usr/bin/python3 (found version "3.10.12") found components: Interpreter 
[0.902s] -- Override CMake install command with custom implementation using symlinks instead of copying resources
[0.976s] -- Found rclcpp: 16.0.8 (/opt/ros/humble/share/rclcpp/cmake)
[1.074s] -- Found rosidl_generator_c: 3.1.5 (/opt/ros/humble/share/rosidl_generator_c/cmake)
[1.085s] -- Found rosidl_adapter: 3.1.5 (/opt/ros/humble/share/rosidl_adapter/cmake)
[1.104s] -- Found rosidl_generator_cpp: 3.1.5 (/opt/ros/humble/share/rosidl_generator_cpp/cmake)
[1.143s] -- Using all available rosidl_typesupport_c: rosidl_typesupport_fastrtps_c;rosidl_typesupport_introspection_c
[1.198s] -- Using all available rosidl_typesupport_cpp: rosidl_typesupport_fastrtps_cpp;rosidl_typesupport_introspection_cpp
[1.371s] -- Found rmw_implementation_cmake: 6.1.1 (/opt/ros/humble/share/rmw_implementation_cmake/cmake)
[1.377s] -- Found rmw_cyclonedds_cpp: 1.3.4 (/opt/ros/humble/share/rmw_cyclonedds_cpp/cmake)
[1.465s] -- Using RMW implementation 'rmw_cyclonedds_cpp' as default
[1.491s] -- Looking for pthread.h
[1.584s] -- Looking for pthread.h - found
[1.584s] -- Performing Test CMAKE_HAVE_LIBC_PTHREAD
[1.677s] -- Performing Test CMAKE_HAVE_LIBC_PTHREAD - Success
[1.679s] -- Found Threads: TRUE  
[2.047s] -- Found rclcpp_action: 16.0.8 (/opt/ros/humble/share/rclcpp_action/cmake)
[2.262s] -- Found plansys2_executor: 2.0.9 (/opt/ros/humble/share/plansys2_executor/cmake)
[13.841s] -- Found ament_lint_auto: 0.12.10 (/opt/ros/humble/share/ament_lint_auto/cmake)
[13.987s] -- Added test 'copyright' to check source files copyright and LICENSE
[14.009s] -- Added test 'cppcheck' to perform static code analysis on C / C++ code
[14.016s] -- Configured cppcheck include dirs: 
[14.016s] -- Configured cppcheck exclude dirs and/or files: 
[14.034s] -- Added test 'cpplint' to check C / C++ code against the Google style
[14.035s] -- Configured cpplint exclude dirs and/or files: 
[14.038s] -- Added test 'flake8' to check Python code syntax and style conventions
[14.043s] -- Added test 'lint_cmake' to check CMake code style
[14.047s] -- Added test 'pep257' to check Python code against some of the docstring style conventions in PEP 257
[14.067s] -- Added test 'uncrustify' to check C / C++ code style
[14.067s] -- Configured uncrustify additional arguments: 
[14.070s] -- Added test 'xmllint' to check XML markup files
[14.074s] -- Configuring done
[14.193s] -- Generating done
[14.198s] -- Build files have been written to: /home/aiguy/project_ai/build/project_ai
[14.212s] Invoked command in '/home/aiguy/project_ai/build/project_ai' returned '0': CMAKE_PREFIX_PATH=/opt/ros/humble /usr/bin/cmake /home/aiguy/project_ai -DAMENT_CMAKE_SYMLINK_INSTALL=1 -DCMAKE_INSTALL_PREFIX=/home/aiguy/project_ai/install/project_ai
[14.213s] Invoking command in '/home/aiguy/project_ai/build/project_ai': CMAKE_PREFIX_PATH=/opt/ros/humble /usr/bin/cmake --build /home/aiguy/project_ai/build/project_ai -- -j1 -l1
[14.283s] [ 10%] [32mBuilding CXX object CMakeFiles/pickup_action.dir/src/pickup_action.cpp.o[0m
[21.735s] [ 20%] [32m[1mLinking CXX executable pickup_action[0m
[22.010s] [ 20%] Built target pickup_action
[22.034s] [ 30%] [32mBuilding CXX object CMakeFiles/fill_action.dir/src/fill_action.cpp.o[0m
[29.374s] [ 40%] [32m[1mLinking CXX executable fill_action[0m
[29.638s] [ 40%] Built target fill_action
[29.663s] [ 50%] [32mBuilding CXX object CMakeFiles/move_action.dir/src/move_action.cpp.o[0m
[36.931s] [ 60%] [32m[1mLinking CXX executable move_action[0m
[37.205s] [ 60%] Built target move_action
[37.236s] [ 70%] [32mBuilding CXX object CMakeFiles/deliver_action.dir/src/deliver_action.cpp.o[0m
[44.500s] [ 80%] [32m[1mLinking CXX executable deliver_action[0m
[44.762s] [ 80%] Built target deliver_action
[44.793s] [ 90%] [32mBuilding CXX object CMakeFiles/empty_action.dir/src/empty_action.cpp.o[0m
[52.114s] [100%] [32m[1mLinking CXX executable empty_action[0m
[52.394s] [100%] Built target empty_action
[52.407s] Invoked command in '/home/aiguy/project_ai/build/project_ai' returned '0': CMAKE_PREFIX_PATH=/opt/ros/humble /usr/bin/cmake --build /home/aiguy/project_ai/build/project_ai -- -j1 -l1
[52.464s] Invoking command in '/home/aiguy/project_ai/build/project_ai': CMAKE_PREFIX_PATH=/opt/ros/humble /usr/bin/cmake --install /home/aiguy/project_ai/build/project_ai
[52.474s] -- Install configuration: ""
[52.475s] -- Execute custom install script
[52.476s] -- Symlinking: /home/aiguy/project_ai/install/project_ai/share/project_ai/launch/commands.txt
[52.485s] -- Symlinking: /home/aiguy/project_ai/install/project_ai/share/project_ai/launch/commands2.txt
[52.498s] -- Symlinking: /home/aiguy/project_ai/install/project_ai/share/project_ai/launch/launch.py
[52.507s] -- Symlinking: /home/aiguy/project_ai/install/project_ai/share/project_ai/launch/plan.txt
[52.518s] -- Symlinking: /home/aiguy/project_ai/install/project_ai/share/project_ai/launch/plan2.txt
[52.528s] -- Symlinking: /home/aiguy/project_ai/install/project_ai/share/project_ai/pddl/domain_durative.pddl
[52.543s] -- Symlinking: /home/aiguy/project_ai/install/project_ai/lib/project_ai/pickup_action
[52.554s] -- Symlinking: /home/aiguy/project_ai/install/project_ai/lib/project_ai/fill_action
[52.565s] -- Symlinking: /home/aiguy/project_ai/install/project_ai/lib/project_ai/move_action
[52.575s] -- Symlinking: /home/aiguy/project_ai/install/project_ai/lib/project_ai/deliver_action
[52.585s] -- Symlinking: /home/aiguy/project_ai/install/project_ai/lib/project_ai/empty_action
[52.595s] -- Symlinking: /home/aiguy/project_ai/install/project_ai/share/ament_index/resource_index/package_run_dependencies/project_ai
[52.604s] -- Symlinking: /home/aiguy/project_ai/install/project_ai/share/ament_index/resource_index/parent_prefix_path/project_ai
[52.615s] -- Symlinking: /home/aiguy/project_ai/install/project_ai/share/project_ai/environment/ament_prefix_path.sh
[52.624s] -- Symlinking: /home/aiguy/project_ai/install/project_ai/share/project_ai/environment/ament_prefix_path.dsv
[52.641s] -- Symlinking: /home/aiguy/project_ai/install/project_ai/share/project_ai/environment/path.sh
[52.652s] -- Symlinking: /home/aiguy/project_ai/install/project_ai/share/project_ai/environment/path.dsv
[52.662s] -- Symlinking: /home/aiguy/project_ai/install/project_ai/share/project_ai/local_setup.bash
[52.674s] -- Symlinking: /home/aiguy/project_ai/install/project_ai/share/project_ai/local_setup.sh
[52.683s] -- Symlinking: /home/aiguy/project_ai/install/project_ai/share/project_ai/local_setup.zsh
[52.693s] -- Symlinking: /home/aiguy/project_ai/install/project_ai/share/project_ai/local_setup.dsv
[52.702s] -- Symlinking: /home/aiguy/project_ai/install/project_ai/share/project_ai/package.dsv
[52.715s] -- Symlinking: /home/aiguy/project_ai/install/project_ai/share/ament_index/resource_index/packages/project_ai
[52.728s] -- Symlinking: /home/aiguy/project_ai/install/project_ai/share/project_ai/cmake/ament_cmake_export_dependencies-extras.cmake
[52.747s] -- Symlinking: /home/aiguy/project_ai/install/project_ai/share/project_ai/cmake/project_aiConfig.cmake
[52.757s] -- Symlinking: /home/aiguy/project_ai/install/project_ai/share/project_ai/cmake/project_aiConfig-version.cmake
[52.768s] -- Symlinking: /home/aiguy/project_ai/install/project_ai/share/project_ai/package.xml
[52.782s] Invoked command in '/home/aiguy/project_ai/build/project_ai' returned '0': CMAKE_PREFIX_PATH=/opt/ros/humble /usr/bin/cmake --install /home/aiguy/project_ai/build/project_ai
