[0.008s] Invoking command in '/home/aiguy/project_ai/build/project_ai': CMAKE_PREFIX_PATH=${CMAKE_PREFIX_PATH}:/opt/ros/humble /usr/bin/cmake --build /home/aiguy/project_ai/build/project_ai -- -j1 -l1
[0.096s] [35m[1mConsolidate compiler generated dependencies of target pickup_action[0m
[0.150s] [ 20%] Built target pickup_action
[0.183s] [35m[1mConsolidate compiler generated dependencies of target fill_action[0m
[0.222s] [ 40%] Built target fill_action
[0.262s] [35m[1mConsolidate compiler generated dependencies of target move_action[0m
[0.297s] [ 60%] Built target move_action
[0.313s] [35m[1mConsolidate compiler generated dependencies of target deliver_action[0m
[0.360s] [ 80%] Built target deliver_action
[0.380s] [35m[1mConsolidate compiler generated dependencies of target empty_action[0m
[0.409s] [100%] Built target empty_action
[0.436s] Invoked command in '/home/aiguy/project_ai/build/project_ai' returned '0': CMAKE_PREFIX_PATH=${CMAKE_PREFIX_PATH}:/opt/ros/humble /usr/bin/cmake --build /home/aiguy/project_ai/build/project_ai -- -j1 -l1
[0.521s] Invoking command in '/home/aiguy/project_ai/build/project_ai': CMAKE_PREFIX_PATH=${CMAKE_PREFIX_PATH}:/opt/ros/humble /usr/bin/cmake --install /home/aiguy/project_ai/build/project_ai
[0.550s] -- Install configuration: ""
[0.550s] -- Execute custom install script
[0.551s] -- Up-to-date symlink: /home/aiguy/project_ai/install/project_ai/share/project_ai/launch/commands.txt
[0.552s] -- Up-to-date symlink: /home/aiguy/project_ai/install/project_ai/share/project_ai/launch/commands2.txt
[0.555s] -- Up-to-date symlink: /home/aiguy/project_ai/install/project_ai/share/project_ai/launch/launch.py
[0.555s] -- Up-to-date symlink: /home/aiguy/project_ai/install/project_ai/share/project_ai/launch/plan.txt
[0.555s] -- Up-to-date symlink: /home/aiguy/project_ai/install/project_ai/share/project_ai/launch/plan2.txt
[0.556s] -- Up-to-date symlink: /home/aiguy/project_ai/install/project_ai/share/project_ai/pddl/domain_durative.pddl
[0.556s] -- Up-to-date symlink: /home/aiguy/project_ai/install/project_ai/lib/project_ai/pickup_action
[0.557s] -- Up-to-date symlink: /home/aiguy/project_ai/install/project_ai/lib/project_ai/fill_action
[0.560s] -- Up-to-date symlink: /home/aiguy/project_ai/install/project_ai/lib/project_ai/move_action
[0.560s] -- Up-to-date symlink: /home/aiguy/project_ai/install/project_ai/lib/project_ai/deliver_action
[0.561s] -- Up-to-date symlink: /home/aiguy/project_ai/install/project_ai/lib/project_ai/empty_action
[0.562s] -- Up-to-date symlink: /home/aiguy/project_ai/install/project_ai/share/ament_index/resource_index/package_run_dependencies/project_ai
[0.562s] -- Up-to-date symlink: /home/aiguy/project_ai/install/project_ai/share/ament_index/resource_index/parent_prefix_path/project_ai
[0.562s] -- Up-to-date symlink: /home/aiguy/project_ai/install/project_ai/share/project_ai/environment/ament_prefix_path.sh
[0.563s] -- Up-to-date symlink: /home/aiguy/project_ai/install/project_ai/share/project_ai/environment/ament_prefix_path.dsv
[0.563s] -- Up-to-date symlink: /home/aiguy/project_ai/install/project_ai/share/project_ai/environment/path.sh
[0.564s] -- Up-to-date symlink: /home/aiguy/project_ai/install/project_ai/share/project_ai/environment/path.dsv
[0.565s] -- Up-to-date symlink: /home/aiguy/project_ai/install/project_ai/share/project_ai/local_setup.bash
[0.565s] -- Up-to-date symlink: /home/aiguy/project_ai/install/project_ai/share/project_ai/local_setup.sh
[0.566s] -- Up-to-date symlink: /home/aiguy/project_ai/install/project_ai/share/project_ai/local_setup.zsh
[0.566s] -- Up-to-date symlink: /home/aiguy/project_ai/install/project_ai/share/project_ai/local_setup.dsv
[0.567s] -- Symlinking: /home/aiguy/project_ai/install/project_ai/share/project_ai/package.dsv
[0.577s] -- Up-to-date symlink: /home/aiguy/project_ai/install/project_ai/share/ament_index/resource_index/packages/project_ai
[0.578s] -- Up-to-date symlink: /home/aiguy/project_ai/install/project_ai/share/project_ai/cmake/ament_cmake_export_dependencies-extras.cmake
[0.578s] -- Up-to-date symlink: /home/aiguy/project_ai/install/project_ai/share/project_ai/cmake/project_aiConfig.cmake
[0.579s] -- Up-to-date symlink: /home/aiguy/project_ai/install/project_ai/share/project_ai/cmake/project_aiConfig-version.cmake
[0.579s] -- Up-to-date symlink: /home/aiguy/project_ai/install/project_ai/share/project_ai/package.xml
[0.584s] Invoked command in '/home/aiguy/project_ai/build/project_ai' returned '0': CMAKE_PREFIX_PATH=${CMAKE_PREFIX_PATH}:/opt/ros/humble /usr/bin/cmake --install /home/aiguy/project_ai/build/project_ai
