[0.173s] DEBUG:colcon:Command line arguments: ['/usr/bin/colcon', 'build', '--symlink-install']
[0.173s] DEBUG:colcon:Parsed command line arguments: Namespace(log_base=None, log_level=None, verb_name='build', build_base='build', install_base='install', merge_install=False, symlink_install=True, test_result_base=None, continue_on_error=False, executor='parallel', parallel_workers=1, event_handlers=None, ignore_user_meta=False, metas=['./colcon.meta'], base_paths=['.'], packages_ignore=None, packages_ignore_regex=None, paths=None, packages_up_to=None, packages_up_to_regex=None, packages_above=None, packages_above_and_dependencies=None, packages_above_depth=None, packages_select_by_dep=None, packages_skip_by_dep=None, packages_skip_up_to=None, packages_select_build_failed=False, packages_skip_build_finished=False, packages_select_test_failures=False, packages_skip_test_passed=False, packages_select=None, packages_skip=None, packages_select_regex=None, packages_skip_regex=None, packages_start=None, packages_end=None, allow_overriding=[], cmake_args=None, cmake_target=None, cmake_target_skip_unavailable=False, cmake_clean_cache=False, cmake_clean_first=False, cmake_force_configure=False, ament_cmake_args=None, catkin_cmake_args=None, catkin_skip_building_tests=False, mixin_files=None, mixin=None, verb_parser=<colcon_mixin.mixin.mixin_argument.MixinArgumentDecorator object at 0x74c56cd4dc30>, verb_extension=<colcon_core.verb.build.BuildVerb object at 0x74c56cd4d2a0>, main=<bound method BuildVerb.main of <colcon_core.verb.build.BuildVerb object at 0x74c56cd4d2a0>>, mixin_verb=('build',))
[0.414s] Level 1:colcon.colcon_core.package_discovery:discover_packages(colcon_meta) check parameters
[0.414s] Level 1:colcon.colcon_core.package_discovery:discover_packages(recursive) check parameters
[0.414s] Level 1:colcon.colcon_core.package_discovery:discover_packages(ignore) check parameters
[0.414s] Level 1:colcon.colcon_core.package_discovery:discover_packages(path) check parameters
[0.414s] Level 1:colcon.colcon_core.package_discovery:discover_packages(colcon_meta) discover
[0.414s] Level 1:colcon.colcon_core.package_discovery:discover_packages(recursive) discover
[0.414s] INFO:colcon.colcon_core.package_discovery:Crawling recursively for packages in '/home/aiguy/projectAI'
[0.415s] Level 1:colcon.colcon_core.package_identification:_identify(.) by extensions ['ignore', 'ignore_ament_install']
[0.415s] Level 1:colcon.colcon_core.package_identification:_identify(.) by extension 'ignore'
[0.415s] Level 1:colcon.colcon_core.package_identification:_identify(.) by extension 'ignore_ament_install'
[0.415s] Level 1:colcon.colcon_core.package_identification:_identify(.) by extensions ['colcon_pkg']
[0.415s] Level 1:colcon.colcon_core.package_identification:_identify(.) by extension 'colcon_pkg'
[0.415s] Level 1:colcon.colcon_core.package_identification:_identify(.) by extensions ['colcon_meta']
[0.415s] Level 1:colcon.colcon_core.package_identification:_identify(.) by extension 'colcon_meta'
[0.415s] Level 1:colcon.colcon_core.package_identification:_identify(.) by extensions ['ros']
[0.415s] Level 1:colcon.colcon_core.package_identification:_identify(.) by extension 'ros'
[0.433s] DEBUG:colcon.colcon_core.package_identification:Package '.' with type 'ros.ament_cmake' and name 'projectAI'
[0.433s] Level 1:colcon.colcon_core.package_discovery:discover_packages(recursive) using defaults
[0.433s] Level 1:colcon.colcon_core.package_discovery:discover_packages(ignore) discover
[0.433s] Level 1:colcon.colcon_core.package_discovery:discover_packages(ignore) using defaults
[0.433s] Level 1:colcon.colcon_core.package_discovery:discover_packages(path) discover
[0.433s] Level 1:colcon.colcon_core.package_discovery:discover_packages(path) using defaults
[0.485s] Level 1:colcon.colcon_core.package_discovery:discover_packages(prefix_path) check parameters
[0.485s] Level 1:colcon.colcon_core.package_discovery:discover_packages(prefix_path) discover
[0.489s] DEBUG:colcon.colcon_installed_package_information.package_discovery:Found 346 installed packages in /opt/ros/humble
[0.492s] Level 1:colcon.colcon_core.package_discovery:discover_packages(prefix_path) using defaults
[0.586s] Level 5:colcon.colcon_core.verb:set package 'projectAI' build argument 'cmake_args' from command line to 'None'
[0.586s] Level 5:colcon.colcon_core.verb:set package 'projectAI' build argument 'cmake_target' from command line to 'None'
[0.586s] Level 5:colcon.colcon_core.verb:set package 'projectAI' build argument 'cmake_target_skip_unavailable' from command line to 'False'
[0.586s] Level 5:colcon.colcon_core.verb:set package 'projectAI' build argument 'cmake_clean_cache' from command line to 'False'
[0.586s] Level 5:colcon.colcon_core.verb:set package 'projectAI' build argument 'cmake_clean_first' from command line to 'False'
[0.586s] Level 5:colcon.colcon_core.verb:set package 'projectAI' build argument 'cmake_force_configure' from command line to 'False'
[0.586s] Level 5:colcon.colcon_core.verb:set package 'projectAI' build argument 'ament_cmake_args' from command line to 'None'
[0.586s] Level 5:colcon.colcon_core.verb:set package 'projectAI' build argument 'catkin_cmake_args' from command line to 'None'
[0.586s] Level 5:colcon.colcon_core.verb:set package 'projectAI' build argument 'catkin_skip_building_tests' from command line to 'False'
[0.586s] DEBUG:colcon.colcon_core.verb:Building package 'projectAI' with the following arguments: {'ament_cmake_args': None, 'build_base': '/home/aiguy/projectAI/build/projectAI', 'catkin_cmake_args': None, 'catkin_skip_building_tests': False, 'cmake_args': None, 'cmake_clean_cache': False, 'cmake_clean_first': False, 'cmake_force_configure': False, 'cmake_target': None, 'cmake_target_skip_unavailable': False, 'install_base': '/home/aiguy/projectAI/install/projectAI', 'merge_install': False, 'path': '/home/aiguy/projectAI', 'symlink_install': True, 'test_result_base': None}
[0.587s] INFO:colcon.colcon_core.executor:Executing jobs using 'parallel' executor
[0.588s] DEBUG:colcon.colcon_parallel_executor.executor.parallel:run_until_complete
[0.588s] INFO:colcon.colcon_ros.task.ament_cmake.build:Building ROS package in '/home/aiguy/projectAI' with build type 'ament_cmake'
[0.588s] INFO:colcon.colcon_cmake.task.cmake.build:Building CMake package in '/home/aiguy/projectAI'
[0.590s] INFO:colcon.colcon_core.plugin_system:Skipping extension 'colcon_core.shell.bat': Not used on non-Windows systems
[0.590s] INFO:colcon.colcon_core.shell:Skip shell extension 'powershell' for command environment: Not usable outside of PowerShell
[0.590s] DEBUG:colcon.colcon_core.shell:Skip shell extension 'dsv' for command environment
[0.602s] DEBUG:colcon.colcon_core.event_handler.log_command:Invoking command in '/home/aiguy/projectAI/build/projectAI': CMAKE_PREFIX_PATH=/opt/ros/humble /usr/bin/cmake --build /home/aiguy/projectAI/build/projectAI -- -j1 -l1
[8.494s] DEBUG:colcon.colcon_core.event_handler.log_command:Invoked command in '/home/aiguy/projectAI/build/projectAI' returned '0': CMAKE_PREFIX_PATH=/opt/ros/humble /usr/bin/cmake --build /home/aiguy/projectAI/build/projectAI -- -j1 -l1
[8.543s] DEBUG:colcon.colcon_core.event_handler.log_command:Invoking command in '/home/aiguy/projectAI/build/projectAI': CMAKE_PREFIX_PATH=/opt/ros/humble /usr/bin/cmake --install /home/aiguy/projectAI/build/projectAI
[8.590s] Level 1:colcon.colcon_core.environment:create_environment_scripts_only(projectAI)
[8.591s] DEBUG:colcon.colcon_core.event_handler.log_command:Invoked command in '/home/aiguy/projectAI/build/projectAI' returned '0': CMAKE_PREFIX_PATH=/opt/ros/humble /usr/bin/cmake --install /home/aiguy/projectAI/build/projectAI
[8.593s] Level 1:colcon.colcon_core.environment:checking '/home/aiguy/projectAI/install/projectAI' for CMake module files
[8.594s] Level 1:colcon.colcon_core.environment:checking '/home/aiguy/projectAI/install/projectAI' for CMake config files
[8.595s] Level 1:colcon.colcon_core.shell:create_environment_hook('projectAI', 'cmake_prefix_path')
[8.595s] INFO:colcon.colcon_core.shell:Creating environment hook '/home/aiguy/projectAI/install/projectAI/share/projectAI/hook/cmake_prefix_path.ps1'
[8.596s] INFO:colcon.colcon_core.shell:Creating environment descriptor '/home/aiguy/projectAI/install/projectAI/share/projectAI/hook/cmake_prefix_path.dsv'
[8.597s] INFO:colcon.colcon_core.shell:Creating environment hook '/home/aiguy/projectAI/install/projectAI/share/projectAI/hook/cmake_prefix_path.sh'
[8.598s] Level 1:colcon.colcon_core.environment:checking '/home/aiguy/projectAI/install/projectAI/lib'
[8.598s] Level 1:colcon.colcon_core.environment:checking '/home/aiguy/projectAI/install/projectAI/bin'
[8.598s] Level 1:colcon.colcon_core.environment:checking '/home/aiguy/projectAI/install/projectAI/lib/pkgconfig/projectAI.pc'
[8.598s] Level 1:colcon.colcon_core.environment:checking '/home/aiguy/projectAI/install/projectAI/lib/python3.10/site-packages'
[8.599s] Level 1:colcon.colcon_core.environment:checking '/home/aiguy/projectAI/install/projectAI/bin'
[8.599s] INFO:colcon.colcon_core.shell:Creating package script '/home/aiguy/projectAI/install/projectAI/share/projectAI/package.ps1'
[8.601s] INFO:colcon.colcon_core.shell:Creating package descriptor '/home/aiguy/projectAI/install/projectAI/share/projectAI/package.dsv'
[8.601s] INFO:colcon.colcon_core.shell:Creating package script '/home/aiguy/projectAI/install/projectAI/share/projectAI/package.sh'
[8.603s] INFO:colcon.colcon_core.shell:Creating package script '/home/aiguy/projectAI/install/projectAI/share/projectAI/package.bash'
[8.604s] INFO:colcon.colcon_core.shell:Creating package script '/home/aiguy/projectAI/install/projectAI/share/projectAI/package.zsh'
[8.606s] Level 1:colcon.colcon_core.environment:create_file_with_runtime_dependencies(/home/aiguy/projectAI/install/projectAI/share/colcon-core/packages/projectAI)
[8.649s] Level 1:colcon.colcon_core.environment:create_environment_scripts_only(projectAI)
[8.649s] Level 1:colcon.colcon_core.environment:checking '/home/aiguy/projectAI/install/projectAI' for CMake module files
[8.650s] Level 1:colcon.colcon_core.environment:checking '/home/aiguy/projectAI/install/projectAI' for CMake config files
[8.651s] Level 1:colcon.colcon_core.shell:create_environment_hook('projectAI', 'cmake_prefix_path')
[8.651s] INFO:colcon.colcon_core.shell:Creating environment hook '/home/aiguy/projectAI/install/projectAI/share/projectAI/hook/cmake_prefix_path.ps1'
[8.652s] INFO:colcon.colcon_core.shell:Creating environment descriptor '/home/aiguy/projectAI/install/projectAI/share/projectAI/hook/cmake_prefix_path.dsv'
[8.652s] INFO:colcon.colcon_core.shell:Creating environment hook '/home/aiguy/projectAI/install/projectAI/share/projectAI/hook/cmake_prefix_path.sh'
[8.653s] Level 1:colcon.colcon_core.environment:checking '/home/aiguy/projectAI/install/projectAI/lib'
[8.653s] Level 1:colcon.colcon_core.environment:checking '/home/aiguy/projectAI/install/projectAI/bin'
[8.653s] Level 1:colcon.colcon_core.environment:checking '/home/aiguy/projectAI/install/projectAI/lib/pkgconfig/projectAI.pc'
[8.653s] Level 1:colcon.colcon_core.environment:checking '/home/aiguy/projectAI/install/projectAI/lib/python3.10/site-packages'
[8.653s] Level 1:colcon.colcon_core.environment:checking '/home/aiguy/projectAI/install/projectAI/bin'
[8.654s] INFO:colcon.colcon_core.shell:Creating package script '/home/aiguy/projectAI/install/projectAI/share/projectAI/package.ps1'
[8.654s] INFO:colcon.colcon_core.shell:Creating package descriptor '/home/aiguy/projectAI/install/projectAI/share/projectAI/package.dsv'
[8.655s] INFO:colcon.colcon_core.shell:Creating package script '/home/aiguy/projectAI/install/projectAI/share/projectAI/package.sh'
[8.656s] INFO:colcon.colcon_core.shell:Creating package script '/home/aiguy/projectAI/install/projectAI/share/projectAI/package.bash'
[8.658s] INFO:colcon.colcon_core.shell:Creating package script '/home/aiguy/projectAI/install/projectAI/share/projectAI/package.zsh'
[8.658s] Level 1:colcon.colcon_core.environment:create_file_with_runtime_dependencies(/home/aiguy/projectAI/install/projectAI/share/colcon-core/packages/projectAI)
[8.659s] DEBUG:colcon.colcon_parallel_executor.executor.parallel:closing loop
[8.659s] DEBUG:colcon.colcon_parallel_executor.executor.parallel:loop closed
[8.659s] DEBUG:colcon.colcon_parallel_executor.executor.parallel:run_until_complete finished with '0'
[8.659s] DEBUG:colcon.colcon_core.event_reactor:joining thread
[8.669s] INFO:colcon.colcon_core.plugin_system:Skipping extension 'colcon_notification.desktop_notification.terminal_notifier': Not used on non-Darwin systems
[8.669s] INFO:colcon.colcon_core.plugin_system:Skipping extension 'colcon_notification.desktop_notification.win32': Not used on non-Windows systems
[8.669s] INFO:colcon.colcon_notification.desktop_notification:Sending desktop notification using 'notify2'
[8.686s] DEBUG:colcon.colcon_core.event_reactor:joined thread
[8.687s] INFO:colcon.colcon_core.shell:Creating prefix script '/home/aiguy/projectAI/install/local_setup.ps1'
[8.691s] INFO:colcon.colcon_core.shell:Creating prefix util module '/home/aiguy/projectAI/install/_local_setup_util_ps1.py'
[8.694s] INFO:colcon.colcon_core.shell:Creating prefix chain script '/home/aiguy/projectAI/install/setup.ps1'
[8.702s] INFO:colcon.colcon_core.shell:Creating prefix script '/home/aiguy/projectAI/install/local_setup.sh'
[8.703s] INFO:colcon.colcon_core.shell:Creating prefix util module '/home/aiguy/projectAI/install/_local_setup_util_sh.py'
[8.704s] INFO:colcon.colcon_core.shell:Creating prefix chain script '/home/aiguy/projectAI/install/setup.sh'
[8.708s] INFO:colcon.colcon_core.shell:Creating prefix script '/home/aiguy/projectAI/install/local_setup.bash'
[8.709s] INFO:colcon.colcon_core.shell:Creating prefix chain script '/home/aiguy/projectAI/install/setup.bash'
[8.712s] INFO:colcon.colcon_core.shell:Creating prefix script '/home/aiguy/projectAI/install/local_setup.zsh'
[8.712s] INFO:colcon.colcon_core.shell:Creating prefix chain script '/home/aiguy/projectAI/install/setup.zsh'
