[0.007s] Invoking command in '/home/aiguy/projectAI/build/projectAI': CMAKE_PREFIX_PATH=/opt/ros/humble /usr/bin/cmake --build /home/aiguy/projectAI/build/projectAI -- -j1 -l1
[0.082s] [35m[1mConsolidate compiler generated dependencies of target pickup_action[0m
[0.114s] [ 10%] [32mBuilding CXX object CMakeFiles/pickup_action.dir/src/pickup_action.cpp.o[0m
[7.479s] [ 20%] [32m[1mLinking CXX executable pickup_action[0m
[7.742s] [ 20%] Built target pickup_action
[7.784s] [ 40%] Built target fill_action
[7.817s] [ 60%] Built target move_action
[7.849s] [ 80%] Built target deliver_action
[7.887s] [100%] Built target empty_action
[7.899s] Invoked command in '/home/aiguy/projectAI/build/projectAI' returned '0': CMAKE_PREFIX_PATH=/opt/ros/humble /usr/bin/cmake --build /home/aiguy/projectAI/build/projectAI -- -j1 -l1
[7.948s] Invoking command in '/home/aiguy/projectAI/build/projectAI': CMAKE_PREFIX_PATH=/opt/ros/humble /usr/bin/cmake --install /home/aiguy/projectAI/build/projectAI
[7.960s] -- Install configuration: ""
[7.967s] -- Execute custom install script
[7.968s] -- Up-to-date symlink: /home/aiguy/projectAI/install/projectAI/share/projectAI/launch/commands.txt
[7.969s] -- Up-to-date symlink: /home/aiguy/projectAI/install/projectAI/share/projectAI/launch/commands2.txt
[7.969s] -- Up-to-date symlink: /home/aiguy/projectAI/install/projectAI/share/projectAI/launch/launch.py
[7.970s] -- Up-to-date symlink: /home/aiguy/projectAI/install/projectAI/share/projectAI/launch/plan.txt
[7.972s] -- Up-to-date symlink: /home/aiguy/projectAI/install/projectAI/share/projectAI/launch/plan2.txt
[7.973s] -- Up-to-date symlink: /home/aiguy/projectAI/install/projectAI/share/projectAI/pddl/domain_durative.pddl
[7.974s] -- Up-to-date symlink: /home/aiguy/projectAI/install/projectAI/lib/projectAI/pickup_action
[7.975s] -- Up-to-date symlink: /home/aiguy/projectAI/install/projectAI/lib/projectAI/fill_action
[7.975s] -- Up-to-date symlink: /home/aiguy/projectAI/install/projectAI/lib/projectAI/move_action
[7.976s] -- Up-to-date symlink: /home/aiguy/projectAI/install/projectAI/lib/projectAI/deliver_action
[7.976s] -- Up-to-date symlink: /home/aiguy/projectAI/install/projectAI/lib/projectAI/empty_action
[7.977s] -- Up-to-date symlink: /home/aiguy/projectAI/install/projectAI/share/ament_index/resource_index/package_run_dependencies/projectAI
[7.978s] -- Up-to-date symlink: /home/aiguy/projectAI/install/projectAI/share/ament_index/resource_index/parent_prefix_path/projectAI
[7.978s] -- Up-to-date symlink: /home/aiguy/projectAI/install/projectAI/share/projectAI/environment/ament_prefix_path.sh
[7.979s] -- Up-to-date symlink: /home/aiguy/projectAI/install/projectAI/share/projectAI/environment/ament_prefix_path.dsv
[7.979s] -- Up-to-date symlink: /home/aiguy/projectAI/install/projectAI/share/projectAI/environment/path.sh
[7.979s] -- Up-to-date symlink: /home/aiguy/projectAI/install/projectAI/share/projectAI/environment/path.dsv
[7.980s] -- Up-to-date symlink: /home/aiguy/projectAI/install/projectAI/share/projectAI/local_setup.bash
[7.981s] -- Up-to-date symlink: /home/aiguy/projectAI/install/projectAI/share/projectAI/local_setup.sh
[7.981s] -- Up-to-date symlink: /home/aiguy/projectAI/install/projectAI/share/projectAI/local_setup.zsh
[7.981s] -- Up-to-date symlink: /home/aiguy/projectAI/install/projectAI/share/projectAI/local_setup.dsv
[7.982s] -- Symlinking: /home/aiguy/projectAI/install/projectAI/share/projectAI/package.dsv
[7.992s] -- Up-to-date symlink: /home/aiguy/projectAI/install/projectAI/share/ament_index/resource_index/packages/projectAI
[7.993s] -- Up-to-date symlink: /home/aiguy/projectAI/install/projectAI/share/projectAI/cmake/ament_cmake_export_dependencies-extras.cmake
[7.993s] -- Up-to-date symlink: /home/aiguy/projectAI/install/projectAI/share/projectAI/cmake/projectAIConfig.cmake
[7.993s] -- Up-to-date symlink: /home/aiguy/projectAI/install/projectAI/share/projectAI/cmake/projectAIConfig-version.cmake
[7.994s] -- Up-to-date symlink: /home/aiguy/projectAI/install/projectAI/share/projectAI/package.xml
[7.996s] Invoked command in '/home/aiguy/projectAI/build/projectAI' returned '0': CMAKE_PREFIX_PATH=/opt/ros/humble /usr/bin/cmake --install /home/aiguy/projectAI/build/projectAI
