[0.163s] DEBUG:colcon:Command line arguments: ['/usr/bin/colcon', 'build', '--symlink-install']
[0.164s] DEBUG:colcon:Parsed command line arguments: Namespace(log_base=None, log_level=None, verb_name='build', build_base='build', install_base='install', merge_install=False, symlink_install=True, test_result_base=None, continue_on_error=False, executor='parallel', parallel_workers=1, event_handlers=None, ignore_user_meta=False, metas=['./colcon.meta'], base_paths=['.'], packages_ignore=None, packages_ignore_regex=None, paths=None, packages_up_to=None, packages_up_to_regex=None, packages_above=None, packages_above_and_dependencies=None, packages_above_depth=None, packages_select_by_dep=None, packages_skip_by_dep=None, packages_skip_up_to=None, packages_select_build_failed=False, packages_skip_build_finished=False, packages_select_test_failures=False, packages_skip_test_passed=False, packages_select=None, packages_skip=None, packages_select_regex=None, packages_skip_regex=None, packages_start=None, packages_end=None, allow_overriding=[], cmake_args=None, cmake_target=None, cmake_target_skip_unavailable=False, cmake_clean_cache=False, cmake_clean_first=False, cmake_force_configure=False, ament_cmake_args=None, catkin_cmake_args=None, catkin_skip_building_tests=False, mixin_files=None, mixin=None, verb_parser=<colcon_mixin.mixin.mixin_argument.MixinArgumentDecorator object at 0x7df998c51c00>, verb_extension=<colcon_core.verb.build.BuildVerb object at 0x7df998c51270>, main=<bound method BuildVerb.main of <colcon_core.verb.build.BuildVerb object at 0x7df998c51270>>, mixin_verb=('build',))
[0.416s] Level 1:colcon.colcon_core.package_discovery:discover_packages(colcon_meta) check parameters
[0.417s] Level 1:colcon.colcon_core.package_discovery:discover_packages(recursive) check parameters
[0.417s] Level 1:colcon.colcon_core.package_discovery:discover_packages(ignore) check parameters
[0.417s] Level 1:colcon.colcon_core.package_discovery:discover_packages(path) check parameters
[0.417s] Level 1:colcon.colcon_core.package_discovery:discover_packages(colcon_meta) discover
[0.417s] Level 1:colcon.colcon_core.package_discovery:discover_packages(recursive) discover
[0.417s] INFO:colcon.colcon_core.package_discovery:Crawling recursively for packages in '/home/aiguy/project_ai'
[0.417s] Level 1:colcon.colcon_core.package_identification:_identify(.) by extensions ['ignore', 'ignore_ament_install']
[0.417s] Level 1:colcon.colcon_core.package_identification:_identify(.) by extension 'ignore'
[0.417s] Level 1:colcon.colcon_core.package_identification:_identify(.) by extension 'ignore_ament_install'
[0.417s] Level 1:colcon.colcon_core.package_identification:_identify(.) by extensions ['colcon_pkg']
[0.417s] Level 1:colcon.colcon_core.package_identification:_identify(.) by extension 'colcon_pkg'
[0.417s] Level 1:colcon.colcon_core.package_identification:_identify(.) by extensions ['colcon_meta']
[0.417s] Level 1:colcon.colcon_core.package_identification:_identify(.) by extension 'colcon_meta'
[0.417s] Level 1:colcon.colcon_core.package_identification:_identify(.) by extensions ['ros']
[0.417s] Level 1:colcon.colcon_core.package_identification:_identify(.) by extension 'ros'
[0.436s] DEBUG:colcon.colcon_core.package_identification:Package '.' with type 'ros.ament_cmake' and name 'project_ai'
[0.436s] Level 1:colcon.colcon_core.package_discovery:discover_packages(recursive) using defaults
[0.437s] Level 1:colcon.colcon_core.package_discovery:discover_packages(ignore) discover
[0.437s] Level 1:colcon.colcon_core.package_discovery:discover_packages(ignore) using defaults
[0.437s] Level 1:colcon.colcon_core.package_discovery:discover_packages(path) discover
[0.437s] Level 1:colcon.colcon_core.package_discovery:discover_packages(path) using defaults
[0.484s] Level 1:colcon.colcon_core.package_discovery:discover_packages(prefix_path) check parameters
[0.484s] Level 1:colcon.colcon_core.package_discovery:discover_packages(prefix_path) discover
[0.490s] DEBUG:colcon.colcon_installed_package_information.package_discovery:Found 1 installed packages in /home/aiguy/project_ai/install
[0.499s] DEBUG:colcon.colcon_installed_package_information.package_discovery:Found 346 installed packages in /opt/ros/humble
[0.503s] Level 1:colcon.colcon_core.package_discovery:discover_packages(prefix_path) using defaults
[0.588s] Level 5:colcon.colcon_core.verb:set package 'project_ai' build argument 'cmake_args' from command line to 'None'
[0.588s] Level 5:colcon.colcon_core.verb:set package 'project_ai' build argument 'cmake_target' from command line to 'None'
[0.588s] Level 5:colcon.colcon_core.verb:set package 'project_ai' build argument 'cmake_target_skip_unavailable' from command line to 'False'
[0.588s] Level 5:colcon.colcon_core.verb:set package 'project_ai' build argument 'cmake_clean_cache' from command line to 'False'
[0.588s] Level 5:colcon.colcon_core.verb:set package 'project_ai' build argument 'cmake_clean_first' from command line to 'False'
[0.588s] Level 5:colcon.colcon_core.verb:set package 'project_ai' build argument 'cmake_force_configure' from command line to 'False'
[0.588s] Level 5:colcon.colcon_core.verb:set package 'project_ai' build argument 'ament_cmake_args' from command line to 'None'
[0.588s] Level 5:colcon.colcon_core.verb:set package 'project_ai' build argument 'catkin_cmake_args' from command line to 'None'
[0.589s] Level 5:colcon.colcon_core.verb:set package 'project_ai' build argument 'catkin_skip_building_tests' from command line to 'False'
[0.589s] DEBUG:colcon.colcon_core.verb:Building package 'project_ai' with the following arguments: {'ament_cmake_args': None, 'build_base': '/home/aiguy/project_ai/build/project_ai', 'catkin_cmake_args': None, 'catkin_skip_building_tests': False, 'cmake_args': None, 'cmake_clean_cache': False, 'cmake_clean_first': False, 'cmake_force_configure': False, 'cmake_target': None, 'cmake_target_skip_unavailable': False, 'install_base': '/home/aiguy/project_ai/install/project_ai', 'merge_install': False, 'path': '/home/aiguy/project_ai', 'symlink_install': True, 'test_result_base': None}
[0.589s] INFO:colcon.colcon_core.executor:Executing jobs using 'parallel' executor
[0.590s] DEBUG:colcon.colcon_parallel_executor.executor.parallel:run_until_complete
[0.591s] INFO:colcon.colcon_ros.task.ament_cmake.build:Building ROS package in '/home/aiguy/project_ai' with build type 'ament_cmake'
[0.591s] INFO:colcon.colcon_cmake.task.cmake.build:Building CMake package in '/home/aiguy/project_ai'
[0.594s] INFO:colcon.colcon_core.plugin_system:Skipping extension 'colcon_core.shell.bat': Not used on non-Windows systems
[0.595s] INFO:colcon.colcon_core.shell:Skip shell extension 'powershell' for command environment: Not usable outside of PowerShell
[0.595s] DEBUG:colcon.colcon_core.shell:Skip shell extension 'dsv' for command environment
[0.606s] DEBUG:colcon.colcon_core.event_handler.log_command:Invoking command in '/home/aiguy/project_ai/build/project_ai': CMAKE_PREFIX_PATH=${CMAKE_PREFIX_PATH}:/opt/ros/humble /usr/bin/cmake --build /home/aiguy/project_ai/build/project_ai -- -j1 -l1
[1.034s] DEBUG:colcon.colcon_core.event_handler.log_command:Invoked command in '/home/aiguy/project_ai/build/project_ai' returned '0': CMAKE_PREFIX_PATH=${CMAKE_PREFIX_PATH}:/opt/ros/humble /usr/bin/cmake --build /home/aiguy/project_ai/build/project_ai -- -j1 -l1
[1.118s] DEBUG:colcon.colcon_core.event_handler.log_command:Invoking command in '/home/aiguy/project_ai/build/project_ai': CMAKE_PREFIX_PATH=${CMAKE_PREFIX_PATH}:/opt/ros/humble /usr/bin/cmake --install /home/aiguy/project_ai/build/project_ai
[1.178s] Level 1:colcon.colcon_core.environment:create_environment_scripts_only(project_ai)
[1.181s] Level 1:colcon.colcon_core.environment:checking '/home/aiguy/project_ai/install/project_ai' for CMake module files
[1.182s] DEBUG:colcon.colcon_core.event_handler.log_command:Invoked command in '/home/aiguy/project_ai/build/project_ai' returned '0': CMAKE_PREFIX_PATH=${CMAKE_PREFIX_PATH}:/opt/ros/humble /usr/bin/cmake --install /home/aiguy/project_ai/build/project_ai
[1.182s] Level 1:colcon.colcon_core.environment:checking '/home/aiguy/project_ai/install/project_ai' for CMake config files
[1.183s] Level 1:colcon.colcon_core.shell:create_environment_hook('project_ai', 'cmake_prefix_path')
[1.183s] INFO:colcon.colcon_core.shell:Creating environment hook '/home/aiguy/project_ai/install/project_ai/share/project_ai/hook/cmake_prefix_path.ps1'
[1.184s] INFO:colcon.colcon_core.shell:Creating environment descriptor '/home/aiguy/project_ai/install/project_ai/share/project_ai/hook/cmake_prefix_path.dsv'
[1.184s] INFO:colcon.colcon_core.shell:Creating environment hook '/home/aiguy/project_ai/install/project_ai/share/project_ai/hook/cmake_prefix_path.sh'
[1.186s] Level 1:colcon.colcon_core.environment:checking '/home/aiguy/project_ai/install/project_ai/lib'
[1.186s] Level 1:colcon.colcon_core.environment:checking '/home/aiguy/project_ai/install/project_ai/bin'
[1.186s] Level 1:colcon.colcon_core.environment:checking '/home/aiguy/project_ai/install/project_ai/lib/pkgconfig/project_ai.pc'
[1.186s] Level 1:colcon.colcon_core.environment:checking '/home/aiguy/project_ai/install/project_ai/lib/python3.10/site-packages'
[1.187s] Level 1:colcon.colcon_core.environment:checking '/home/aiguy/project_ai/install/project_ai/bin'
[1.187s] INFO:colcon.colcon_core.shell:Creating package script '/home/aiguy/project_ai/install/project_ai/share/project_ai/package.ps1'
[1.188s] INFO:colcon.colcon_core.shell:Creating package descriptor '/home/aiguy/project_ai/install/project_ai/share/project_ai/package.dsv'
[1.189s] INFO:colcon.colcon_core.shell:Creating package script '/home/aiguy/project_ai/install/project_ai/share/project_ai/package.sh'
[1.191s] INFO:colcon.colcon_core.shell:Creating package script '/home/aiguy/project_ai/install/project_ai/share/project_ai/package.bash'
[1.193s] INFO:colcon.colcon_core.shell:Creating package script '/home/aiguy/project_ai/install/project_ai/share/project_ai/package.zsh'
[1.195s] Level 1:colcon.colcon_core.environment:create_file_with_runtime_dependencies(/home/aiguy/project_ai/install/project_ai/share/colcon-core/packages/project_ai)
[1.258s] Level 1:colcon.colcon_core.environment:create_environment_scripts_only(project_ai)
[1.258s] Level 1:colcon.colcon_core.environment:checking '/home/aiguy/project_ai/install/project_ai' for CMake module files
[1.261s] Level 1:colcon.colcon_core.environment:checking '/home/aiguy/project_ai/install/project_ai' for CMake config files
[1.261s] Level 1:colcon.colcon_core.shell:create_environment_hook('project_ai', 'cmake_prefix_path')
[1.262s] INFO:colcon.colcon_core.shell:Creating environment hook '/home/aiguy/project_ai/install/project_ai/share/project_ai/hook/cmake_prefix_path.ps1'
[1.263s] INFO:colcon.colcon_core.shell:Creating environment descriptor '/home/aiguy/project_ai/install/project_ai/share/project_ai/hook/cmake_prefix_path.dsv'
[1.263s] INFO:colcon.colcon_core.shell:Creating environment hook '/home/aiguy/project_ai/install/project_ai/share/project_ai/hook/cmake_prefix_path.sh'
[1.263s] Level 1:colcon.colcon_core.environment:checking '/home/aiguy/project_ai/install/project_ai/lib'
[1.264s] Level 1:colcon.colcon_core.environment:checking '/home/aiguy/project_ai/install/project_ai/bin'
[1.264s] Level 1:colcon.colcon_core.environment:checking '/home/aiguy/project_ai/install/project_ai/lib/pkgconfig/project_ai.pc'
[1.264s] Level 1:colcon.colcon_core.environment:checking '/home/aiguy/project_ai/install/project_ai/lib/python3.10/site-packages'
[1.264s] Level 1:colcon.colcon_core.environment:checking '/home/aiguy/project_ai/install/project_ai/bin'
[1.265s] INFO:colcon.colcon_core.shell:Creating package script '/home/aiguy/project_ai/install/project_ai/share/project_ai/package.ps1'
[1.265s] INFO:colcon.colcon_core.shell:Creating package descriptor '/home/aiguy/project_ai/install/project_ai/share/project_ai/package.dsv'
[1.266s] INFO:colcon.colcon_core.shell:Creating package script '/home/aiguy/project_ai/install/project_ai/share/project_ai/package.sh'
[1.266s] INFO:colcon.colcon_core.shell:Creating package script '/home/aiguy/project_ai/install/project_ai/share/project_ai/package.bash'
[1.267s] INFO:colcon.colcon_core.shell:Creating package script '/home/aiguy/project_ai/install/project_ai/share/project_ai/package.zsh'
[1.267s] Level 1:colcon.colcon_core.environment:create_file_with_runtime_dependencies(/home/aiguy/project_ai/install/project_ai/share/colcon-core/packages/project_ai)
[1.268s] DEBUG:colcon.colcon_parallel_executor.executor.parallel:closing loop
[1.268s] DEBUG:colcon.colcon_parallel_executor.executor.parallel:loop closed
[1.268s] DEBUG:colcon.colcon_parallel_executor.executor.parallel:run_until_complete finished with '0'
[1.268s] DEBUG:colcon.colcon_core.event_reactor:joining thread
[1.275s] INFO:colcon.colcon_core.plugin_system:Skipping extension 'colcon_notification.desktop_notification.terminal_notifier': Not used on non-Darwin systems
[1.275s] INFO:colcon.colcon_core.plugin_system:Skipping extension 'colcon_notification.desktop_notification.win32': Not used on non-Windows systems
[1.275s] INFO:colcon.colcon_notification.desktop_notification:Sending desktop notification using 'notify2'
[1.320s] DEBUG:colcon.colcon_core.event_reactor:joined thread
[1.321s] INFO:colcon.colcon_core.shell:Creating prefix script '/home/aiguy/project_ai/install/local_setup.ps1'
[1.323s] INFO:colcon.colcon_core.shell:Creating prefix util module '/home/aiguy/project_ai/install/_local_setup_util_ps1.py'
[1.330s] INFO:colcon.colcon_core.shell:Creating prefix chain script '/home/aiguy/project_ai/install/setup.ps1'
[1.331s] INFO:colcon.colcon_core.shell:Creating prefix script '/home/aiguy/project_ai/install/local_setup.sh'
[1.332s] INFO:colcon.colcon_core.shell:Creating prefix util module '/home/aiguy/project_ai/install/_local_setup_util_sh.py'
[1.334s] INFO:colcon.colcon_core.shell:Creating prefix chain script '/home/aiguy/project_ai/install/setup.sh'
[1.335s] INFO:colcon.colcon_core.shell:Creating prefix script '/home/aiguy/project_ai/install/local_setup.bash'
[1.338s] INFO:colcon.colcon_core.shell:Creating prefix chain script '/home/aiguy/project_ai/install/setup.bash'
[1.340s] INFO:colcon.colcon_core.shell:Creating prefix script '/home/aiguy/project_ai/install/local_setup.zsh'
[1.343s] INFO:colcon.colcon_core.shell:Creating prefix chain script '/home/aiguy/project_ai/install/setup.zsh'
