[0.025s] Invoking command in '/home/aiguy/project_ai/build/project_ai': CMAKE_PREFIX_PATH=/opt/ros/humble /usr/bin/cmake --build /home/aiguy/project_ai/build/project_ai -- -j1 -l1
[0.340s] [ 20%] Built target pickup_action
[0.380s] [ 40%] Built target fill_action
[0.444s] [ 60%] Built target move_action
[0.491s] [ 80%] Built target deliver_action
[0.539s] [100%] Built target empty_action
[0.555s] Invoked command in '/home/aiguy/project_ai/build/project_ai' returned '0': CMAKE_PREFIX_PATH=/opt/ros/humble /usr/bin/cmake --build /home/aiguy/project_ai/build/project_ai -- -j1 -l1
[0.606s] Invoking command in '/home/aiguy/project_ai/build/project_ai': CMAKE_PREFIX_PATH=/opt/ros/humble /usr/bin/cmake --install /home/aiguy/project_ai/build/project_ai
[0.623s] -- Install configuration: ""
[0.625s] -- Execute custom install script
[0.629s] -- Up-to-date symlink: /home/aiguy/project_ai/install/project_ai/share/project_ai/launch/commands.txt
[0.630s] -- Up-to-date symlink: /home/aiguy/project_ai/install/project_ai/share/project_ai/launch/launch.py
[0.630s] -- Up-to-date symlink: /home/aiguy/project_ai/install/project_ai/share/project_ai/launch/plan.txt
[0.631s] -- Up-to-date symlink: /home/aiguy/project_ai/install/project_ai/share/project_ai/pddl/domain_durative.pddl
[0.640s] -- Up-to-date symlink: /home/aiguy/project_ai/install/project_ai/lib/project_ai/pickup_action
[0.640s] -- Up-to-date symlink: /home/aiguy/project_ai/install/project_ai/lib/project_ai/fill_action
[0.641s] -- Up-to-date symlink: /home/aiguy/project_ai/install/project_ai/lib/project_ai/move_action
[0.641s] -- Up-to-date symlink: /home/aiguy/project_ai/install/project_ai/lib/project_ai/deliver_action
[0.641s] -- Up-to-date symlink: /home/aiguy/project_ai/install/project_ai/lib/project_ai/empty_action
[0.643s] -- Up-to-date symlink: /home/aiguy/project_ai/install/project_ai/share/ament_index/resource_index/package_run_dependencies/project_ai
[0.644s] -- Up-to-date symlink: /home/aiguy/project_ai/install/project_ai/share/ament_index/resource_index/parent_prefix_path/project_ai
[0.645s] -- Up-to-date symlink: /home/aiguy/project_ai/install/project_ai/share/project_ai/environment/ament_prefix_path.sh
[0.646s] -- Up-to-date symlink: /home/aiguy/project_ai/install/project_ai/share/project_ai/environment/ament_prefix_path.dsv
[0.647s] -- Up-to-date symlink: /home/aiguy/project_ai/install/project_ai/share/project_ai/environment/path.sh
[0.648s] -- Up-to-date symlink: /home/aiguy/project_ai/install/project_ai/share/project_ai/environment/path.dsv
[0.648s] -- Up-to-date symlink: /home/aiguy/project_ai/install/project_ai/share/project_ai/local_setup.bash
[0.649s] -- Up-to-date symlink: /home/aiguy/project_ai/install/project_ai/share/project_ai/local_setup.sh
[0.650s] -- Up-to-date symlink: /home/aiguy/project_ai/install/project_ai/share/project_ai/local_setup.zsh
[0.652s] -- Up-to-date symlink: /home/aiguy/project_ai/install/project_ai/share/project_ai/local_setup.dsv
[0.652s] -- Symlinking: /home/aiguy/project_ai/install/project_ai/share/project_ai/package.dsv
[0.669s] -- Up-to-date symlink: /home/aiguy/project_ai/install/project_ai/share/ament_index/resource_index/packages/project_ai
[0.670s] -- Up-to-date symlink: /home/aiguy/project_ai/install/project_ai/share/project_ai/cmake/ament_cmake_export_dependencies-extras.cmake
[0.671s] -- Up-to-date symlink: /home/aiguy/project_ai/install/project_ai/share/project_ai/cmake/project_aiConfig.cmake
[0.672s] -- Up-to-date symlink: /home/aiguy/project_ai/install/project_ai/share/project_ai/cmake/project_aiConfig-version.cmake
[0.672s] -- Up-to-date symlink: /home/aiguy/project_ai/install/project_ai/share/project_ai/package.xml
[0.675s] Invoked command in '/home/aiguy/project_ai/build/project_ai' returned '0': CMAKE_PREFIX_PATH=/opt/ros/humble /usr/bin/cmake --install /home/aiguy/project_ai/build/project_ai
