[0.263s] DEBUG:colcon:Command line arguments: ['/usr/bin/colcon', 'build', '--symlink-install']
[0.263s] DEBUG:colcon:Parsed command line arguments: Namespace(log_base=None, log_level=None, verb_name='build', build_base='build', install_base='install', merge_install=False, symlink_install=True, test_result_base=None, continue_on_error=False, executor='parallel', parallel_workers=1, event_handlers=None, ignore_user_meta=False, metas=['./colcon.meta'], base_paths=['.'], packages_ignore=None, packages_ignore_regex=None, paths=None, packages_up_to=None, packages_up_to_regex=None, packages_above=None, packages_above_and_dependencies=None, packages_above_depth=None, packages_select_by_dep=None, packages_skip_by_dep=None, packages_skip_up_to=None, packages_select_build_failed=False, packages_skip_build_finished=False, packages_select_test_failures=False, packages_skip_test_passed=False, packages_select=None, packages_skip=None, packages_select_regex=None, packages_skip_regex=None, packages_start=None, packages_end=None, allow_overriding=[], cmake_args=None, cmake_target=None, cmake_target_skip_unavailable=False, cmake_clean_cache=False, cmake_clean_first=False, cmake_force_configure=False, ament_cmake_args=None, catkin_cmake_args=None, catkin_skip_building_tests=False, mixin_files=None, mixin=None, verb_parser=<colcon_mixin.mixin.mixin_argument.MixinArgumentDecorator object at 0x78b3cf755c30>, verb_extension=<colcon_core.verb.build.BuildVerb object at 0x78b3cf7552a0>, main=<bound method BuildVerb.main of <colcon_core.verb.build.BuildVerb object at 0x78b3cf7552a0>>, mixin_verb=('build',))
[0.682s] Level 1:colcon.colcon_core.package_discovery:discover_packages(colcon_meta) check parameters
[0.682s] Level 1:colcon.colcon_core.package_discovery:discover_packages(recursive) check parameters
[0.682s] Level 1:colcon.colcon_core.package_discovery:discover_packages(ignore) check parameters
[0.682s] Level 1:colcon.colcon_core.package_discovery:discover_packages(path) check parameters
[0.683s] Level 1:colcon.colcon_core.package_discovery:discover_packages(colcon_meta) discover
[0.683s] Level 1:colcon.colcon_core.package_discovery:discover_packages(recursive) discover
[0.683s] INFO:colcon.colcon_core.package_discovery:Crawling recursively for packages in '/home/aiguy/projectAI'
[0.683s] Level 1:colcon.colcon_core.package_identification:_identify(.) by extensions ['ignore', 'ignore_ament_install']
[0.683s] Level 1:colcon.colcon_core.package_identification:_identify(.) by extension 'ignore'
[0.683s] Level 1:colcon.colcon_core.package_identification:_identify(.) by extension 'ignore_ament_install'
[0.683s] Level 1:colcon.colcon_core.package_identification:_identify(.) by extensions ['colcon_pkg']
[0.683s] Level 1:colcon.colcon_core.package_identification:_identify(.) by extension 'colcon_pkg'
[0.683s] Level 1:colcon.colcon_core.package_identification:_identify(.) by extensions ['colcon_meta']
[0.683s] Level 1:colcon.colcon_core.package_identification:_identify(.) by extension 'colcon_meta'
[0.683s] Level 1:colcon.colcon_core.package_identification:_identify(.) by extensions ['ros']
[0.683s] Level 1:colcon.colcon_core.package_identification:_identify(.) by extension 'ros'
[0.708s] DEBUG:colcon.colcon_core.package_identification:Package '.' with type 'ros.ament_cmake' and name 'projectAI'
[0.708s] Level 1:colcon.colcon_core.package_discovery:discover_packages(recursive) using defaults
[0.708s] Level 1:colcon.colcon_core.package_discovery:discover_packages(ignore) discover
[0.708s] Level 1:colcon.colcon_core.package_discovery:discover_packages(ignore) using defaults
[0.708s] Level 1:colcon.colcon_core.package_discovery:discover_packages(path) discover
[0.708s] Level 1:colcon.colcon_core.package_discovery:discover_packages(path) using defaults
[0.780s] Level 1:colcon.colcon_core.package_discovery:discover_packages(prefix_path) check parameters
[0.781s] Level 1:colcon.colcon_core.package_discovery:discover_packages(prefix_path) discover
[0.787s] DEBUG:colcon.colcon_installed_package_information.package_discovery:Found 346 installed packages in /opt/ros/humble
[0.790s] Level 1:colcon.colcon_core.package_discovery:discover_packages(prefix_path) using defaults
[0.861s] Level 5:colcon.colcon_core.verb:set package 'projectAI' build argument 'cmake_args' from command line to 'None'
[0.861s] Level 5:colcon.colcon_core.verb:set package 'projectAI' build argument 'cmake_target' from command line to 'None'
[0.861s] Level 5:colcon.colcon_core.verb:set package 'projectAI' build argument 'cmake_target_skip_unavailable' from command line to 'False'
[0.861s] Level 5:colcon.colcon_core.verb:set package 'projectAI' build argument 'cmake_clean_cache' from command line to 'False'
[0.861s] Level 5:colcon.colcon_core.verb:set package 'projectAI' build argument 'cmake_clean_first' from command line to 'False'
[0.861s] Level 5:colcon.colcon_core.verb:set package 'projectAI' build argument 'cmake_force_configure' from command line to 'False'
[0.861s] Level 5:colcon.colcon_core.verb:set package 'projectAI' build argument 'ament_cmake_args' from command line to 'None'
[0.861s] Level 5:colcon.colcon_core.verb:set package 'projectAI' build argument 'catkin_cmake_args' from command line to 'None'
[0.862s] Level 5:colcon.colcon_core.verb:set package 'projectAI' build argument 'catkin_skip_building_tests' from command line to 'False'
[0.862s] DEBUG:colcon.colcon_core.verb:Building package 'projectAI' with the following arguments: {'ament_cmake_args': None, 'build_base': '/home/aiguy/projectAI/build/projectAI', 'catkin_cmake_args': None, 'catkin_skip_building_tests': False, 'cmake_args': None, 'cmake_clean_cache': False, 'cmake_clean_first': False, 'cmake_force_configure': False, 'cmake_target': None, 'cmake_target_skip_unavailable': False, 'install_base': '/home/aiguy/projectAI/install/projectAI', 'merge_install': False, 'path': '/home/aiguy/projectAI', 'symlink_install': True, 'test_result_base': None}
[0.862s] INFO:colcon.colcon_core.executor:Executing jobs using 'parallel' executor
[0.863s] DEBUG:colcon.colcon_parallel_executor.executor.parallel:run_until_complete
[0.863s] INFO:colcon.colcon_ros.task.ament_cmake.build:Building ROS package in '/home/aiguy/projectAI' with build type 'ament_cmake'
[0.863s] INFO:colcon.colcon_cmake.task.cmake.build:Building CMake package in '/home/aiguy/projectAI'
[0.872s] INFO:colcon.colcon_core.plugin_system:Skipping extension 'colcon_core.shell.bat': Not used on non-Windows systems
[0.872s] INFO:colcon.colcon_core.shell:Skip shell extension 'powershell' for command environment: Not usable outside of PowerShell
[0.872s] DEBUG:colcon.colcon_core.shell:Skip shell extension 'dsv' for command environment
[0.900s] DEBUG:colcon.colcon_core.event_handler.log_command:Invoking command in '/home/aiguy/projectAI/build/projectAI': CMAKE_PREFIX_PATH=/opt/ros/humble /usr/bin/cmake --build /home/aiguy/projectAI/build/projectAI -- -j1 -l1
[1.365s] DEBUG:colcon.colcon_core.event_handler.log_command:Invoked command in '/home/aiguy/projectAI/build/projectAI' returned '0': CMAKE_PREFIX_PATH=/opt/ros/humble /usr/bin/cmake --build /home/aiguy/projectAI/build/projectAI -- -j1 -l1
[1.418s] DEBUG:colcon.colcon_core.event_handler.log_command:Invoking command in '/home/aiguy/projectAI/build/projectAI': CMAKE_PREFIX_PATH=/opt/ros/humble /usr/bin/cmake --install /home/aiguy/projectAI/build/projectAI
[1.465s] Level 1:colcon.colcon_core.environment:create_environment_scripts_only(projectAI)
[1.466s] DEBUG:colcon.colcon_core.event_handler.log_command:Invoked command in '/home/aiguy/projectAI/build/projectAI' returned '0': CMAKE_PREFIX_PATH=/opt/ros/humble /usr/bin/cmake --install /home/aiguy/projectAI/build/projectAI
[1.476s] Level 1:colcon.colcon_core.environment:checking '/home/aiguy/projectAI/install/projectAI' for CMake module files
[1.477s] Level 1:colcon.colcon_core.environment:checking '/home/aiguy/projectAI/install/projectAI' for CMake config files
[1.478s] Level 1:colcon.colcon_core.shell:create_environment_hook('projectAI', 'cmake_prefix_path')
[1.478s] INFO:colcon.colcon_core.shell:Creating environment hook '/home/aiguy/projectAI/install/projectAI/share/projectAI/hook/cmake_prefix_path.ps1'
[1.480s] INFO:colcon.colcon_core.shell:Creating environment descriptor '/home/aiguy/projectAI/install/projectAI/share/projectAI/hook/cmake_prefix_path.dsv'
[1.481s] INFO:colcon.colcon_core.shell:Creating environment hook '/home/aiguy/projectAI/install/projectAI/share/projectAI/hook/cmake_prefix_path.sh'
[1.482s] Level 1:colcon.colcon_core.environment:checking '/home/aiguy/projectAI/install/projectAI/lib'
[1.482s] Level 1:colcon.colcon_core.environment:checking '/home/aiguy/projectAI/install/projectAI/bin'
[1.482s] Level 1:colcon.colcon_core.environment:checking '/home/aiguy/projectAI/install/projectAI/lib/pkgconfig/projectAI.pc'
[1.483s] Level 1:colcon.colcon_core.environment:checking '/home/aiguy/projectAI/install/projectAI/lib/python3.10/site-packages'
[1.483s] Level 1:colcon.colcon_core.environment:checking '/home/aiguy/projectAI/install/projectAI/bin'
[1.483s] INFO:colcon.colcon_core.shell:Creating package script '/home/aiguy/projectAI/install/projectAI/share/projectAI/package.ps1'
[1.484s] INFO:colcon.colcon_core.shell:Creating package descriptor '/home/aiguy/projectAI/install/projectAI/share/projectAI/package.dsv'
[1.485s] INFO:colcon.colcon_core.shell:Creating package script '/home/aiguy/projectAI/install/projectAI/share/projectAI/package.sh'
[1.486s] INFO:colcon.colcon_core.shell:Creating package script '/home/aiguy/projectAI/install/projectAI/share/projectAI/package.bash'
[1.488s] INFO:colcon.colcon_core.shell:Creating package script '/home/aiguy/projectAI/install/projectAI/share/projectAI/package.zsh'
[1.489s] Level 1:colcon.colcon_core.environment:create_file_with_runtime_dependencies(/home/aiguy/projectAI/install/projectAI/share/colcon-core/packages/projectAI)
[1.533s] Level 1:colcon.colcon_core.environment:create_environment_scripts_only(projectAI)
[1.533s] Level 1:colcon.colcon_core.environment:checking '/home/aiguy/projectAI/install/projectAI' for CMake module files
[1.534s] Level 1:colcon.colcon_core.environment:checking '/home/aiguy/projectAI/install/projectAI' for CMake config files
[1.535s] Level 1:colcon.colcon_core.shell:create_environment_hook('projectAI', 'cmake_prefix_path')
[1.535s] INFO:colcon.colcon_core.shell:Creating environment hook '/home/aiguy/projectAI/install/projectAI/share/projectAI/hook/cmake_prefix_path.ps1'
[1.535s] INFO:colcon.colcon_core.shell:Creating environment descriptor '/home/aiguy/projectAI/install/projectAI/share/projectAI/hook/cmake_prefix_path.dsv'
[1.536s] INFO:colcon.colcon_core.shell:Creating environment hook '/home/aiguy/projectAI/install/projectAI/share/projectAI/hook/cmake_prefix_path.sh'
[1.536s] Level 1:colcon.colcon_core.environment:checking '/home/aiguy/projectAI/install/projectAI/lib'
[1.536s] Level 1:colcon.colcon_core.environment:checking '/home/aiguy/projectAI/install/projectAI/bin'
[1.537s] Level 1:colcon.colcon_core.environment:checking '/home/aiguy/projectAI/install/projectAI/lib/pkgconfig/projectAI.pc'
[1.537s] Level 1:colcon.colcon_core.environment:checking '/home/aiguy/projectAI/install/projectAI/lib/python3.10/site-packages'
[1.537s] Level 1:colcon.colcon_core.environment:checking '/home/aiguy/projectAI/install/projectAI/bin'
[1.538s] INFO:colcon.colcon_core.shell:Creating package script '/home/aiguy/projectAI/install/projectAI/share/projectAI/package.ps1'
[1.538s] INFO:colcon.colcon_core.shell:Creating package descriptor '/home/aiguy/projectAI/install/projectAI/share/projectAI/package.dsv'
[1.539s] INFO:colcon.colcon_core.shell:Creating package script '/home/aiguy/projectAI/install/projectAI/share/projectAI/package.sh'
[1.539s] INFO:colcon.colcon_core.shell:Creating package script '/home/aiguy/projectAI/install/projectAI/share/projectAI/package.bash'
[1.540s] INFO:colcon.colcon_core.shell:Creating package script '/home/aiguy/projectAI/install/projectAI/share/projectAI/package.zsh'
[1.540s] Level 1:colcon.colcon_core.environment:create_file_with_runtime_dependencies(/home/aiguy/projectAI/install/projectAI/share/colcon-core/packages/projectAI)
[1.541s] DEBUG:colcon.colcon_parallel_executor.executor.parallel:closing loop
[1.541s] DEBUG:colcon.colcon_parallel_executor.executor.parallel:loop closed
[1.541s] DEBUG:colcon.colcon_parallel_executor.executor.parallel:run_until_complete finished with '0'
[1.541s] DEBUG:colcon.colcon_core.event_reactor:joining thread
[1.550s] INFO:colcon.colcon_core.plugin_system:Skipping extension 'colcon_notification.desktop_notification.terminal_notifier': Not used on non-Darwin systems
[1.551s] INFO:colcon.colcon_core.plugin_system:Skipping extension 'colcon_notification.desktop_notification.win32': Not used on non-Windows systems
[1.551s] INFO:colcon.colcon_notification.desktop_notification:Sending desktop notification using 'notify2'
[1.788s] DEBUG:colcon.colcon_core.event_reactor:joined thread
[1.788s] INFO:colcon.colcon_core.shell:Creating prefix script '/home/aiguy/projectAI/install/local_setup.ps1'
[1.790s] INFO:colcon.colcon_core.shell:Creating prefix util module '/home/aiguy/projectAI/install/_local_setup_util_ps1.py'
[1.794s] INFO:colcon.colcon_core.shell:Creating prefix chain script '/home/aiguy/projectAI/install/setup.ps1'
[1.796s] INFO:colcon.colcon_core.shell:Creating prefix script '/home/aiguy/projectAI/install/local_setup.sh'
[1.797s] INFO:colcon.colcon_core.shell:Creating prefix util module '/home/aiguy/projectAI/install/_local_setup_util_sh.py'
[1.797s] INFO:colcon.colcon_core.shell:Creating prefix chain script '/home/aiguy/projectAI/install/setup.sh'
[1.802s] INFO:colcon.colcon_core.shell:Creating prefix script '/home/aiguy/projectAI/install/local_setup.bash'
[1.803s] INFO:colcon.colcon_core.shell:Creating prefix chain script '/home/aiguy/projectAI/install/setup.bash'
[1.805s] INFO:colcon.colcon_core.shell:Creating prefix script '/home/aiguy/projectAI/install/local_setup.zsh'
[1.809s] INFO:colcon.colcon_core.shell:Creating prefix chain script '/home/aiguy/projectAI/install/setup.zsh'
