[0.042s] Invoking command in '/home/aiguy/projectAI/build/projectAI': CMAKE_PREFIX_PATH=/opt/ros/humble /usr/bin/cmake --build /home/aiguy/projectAI/build/projectAI -- -j1 -l1
[0.378s] [35m[1mConsolidate compiler generated dependencies of target pickup_action[0m
[0.501s] [ 20%] Built target pickup_action
[0.520s] [35m[1mConsolidate compiler generated dependencies of target fill_action[0m
[0.555s] [ 40%] Built target fill_action
[0.574s] [35m[1mConsolidate compiler generated dependencies of target move_action[0m
[0.597s] [ 60%] Built target move_action
[0.617s] [35m[1mConsolidate compiler generated dependencies of target deliver_action[0m
[0.647s] [ 80%] Built target deliver_action
[0.672s] [35m[1mConsolidate compiler generated dependencies of target empty_action[0m
[0.696s] [100%] Built target empty_action
[0.708s] Invoked command in '/home/aiguy/projectAI/build/projectAI' returned '0': CMAKE_PREFIX_PATH=/opt/ros/humble /usr/bin/cmake --build /home/aiguy/projectAI/build/projectAI -- -j1 -l1
[0.768s] Invoking command in '/home/aiguy/projectAI/build/projectAI': CMAKE_PREFIX_PATH=/opt/ros/humble /usr/bin/cmake --install /home/aiguy/projectAI/build/projectAI
[0.785s] -- Install configuration: ""
[0.790s] -- Execute custom install script
[0.794s] -- Up-to-date symlink: /home/aiguy/projectAI/install/projectAI/share/projectAI/launch/commands.txt
[0.795s] -- Up-to-date symlink: /home/aiguy/projectAI/install/projectAI/share/projectAI/launch/launch.py
[0.796s] -- Up-to-date symlink: /home/aiguy/projectAI/install/projectAI/share/projectAI/launch/planquality.txt
[0.798s] -- Up-to-date symlink: /home/aiguy/projectAI/install/projectAI/share/projectAI/pddl/domain_durative.pddl
[0.800s] -- Up-to-date symlink: /home/aiguy/projectAI/install/projectAI/lib/projectAI/pickup_action
[0.801s] -- Up-to-date symlink: /home/aiguy/projectAI/install/projectAI/lib/projectAI/fill_action
[0.803s] -- Up-to-date symlink: /home/aiguy/projectAI/install/projectAI/lib/projectAI/move_action
[0.804s] -- Up-to-date symlink: /home/aiguy/projectAI/install/projectAI/lib/projectAI/deliver_action
[0.805s] -- Up-to-date symlink: /home/aiguy/projectAI/install/projectAI/lib/projectAI/empty_action
[0.808s] -- Up-to-date symlink: /home/aiguy/projectAI/install/projectAI/share/ament_index/resource_index/package_run_dependencies/projectAI
[0.810s] -- Up-to-date symlink: /home/aiguy/projectAI/install/projectAI/share/ament_index/resource_index/parent_prefix_path/projectAI
[0.812s] -- Up-to-date symlink: /home/aiguy/projectAI/install/projectAI/share/projectAI/environment/ament_prefix_path.sh
[0.813s] -- Up-to-date symlink: /home/aiguy/projectAI/install/projectAI/share/projectAI/environment/ament_prefix_path.dsv
[0.814s] -- Up-to-date symlink: /home/aiguy/projectAI/install/projectAI/share/projectAI/environment/path.sh
[0.815s] -- Up-to-date symlink: /home/aiguy/projectAI/install/projectAI/share/projectAI/environment/path.dsv
[0.816s] -- Up-to-date symlink: /home/aiguy/projectAI/install/projectAI/share/projectAI/local_setup.bash
[0.817s] -- Up-to-date symlink: /home/aiguy/projectAI/install/projectAI/share/projectAI/local_setup.sh
[0.818s] -- Up-to-date symlink: /home/aiguy/projectAI/install/projectAI/share/projectAI/local_setup.zsh
[0.819s] -- Up-to-date symlink: /home/aiguy/projectAI/install/projectAI/share/projectAI/local_setup.dsv
[0.820s] -- Symlinking: /home/aiguy/projectAI/install/projectAI/share/projectAI/package.dsv
[0.841s] -- Up-to-date symlink: /home/aiguy/projectAI/install/projectAI/share/ament_index/resource_index/packages/projectAI
[0.841s] -- Up-to-date symlink: /home/aiguy/projectAI/install/projectAI/share/projectAI/cmake/ament_cmake_export_dependencies-extras.cmake
[0.842s] -- Up-to-date symlink: /home/aiguy/projectAI/install/projectAI/share/projectAI/cmake/projectAIConfig.cmake
[0.842s] -- Up-to-date symlink: /home/aiguy/projectAI/install/projectAI/share/projectAI/cmake/projectAIConfig-version.cmake
[0.842s] -- Up-to-date symlink: /home/aiguy/projectAI/install/projectAI/share/projectAI/package.xml
[0.845s] Invoked command in '/home/aiguy/projectAI/build/projectAI' returned '0': CMAKE_PREFIX_PATH=/opt/ros/humble /usr/bin/cmake --install /home/aiguy/projectAI/build/projectAI
