[0.524s] DEBUG:colcon:Command line arguments: ['/usr/bin/colcon', 'build', '--symlink-install']
[0.524s] DEBUG:colcon:Parsed command line arguments: Namespace(log_base=None, log_level=None, verb_name='build', build_base='build', install_base='install', merge_install=False, symlink_install=True, test_result_base=None, continue_on_error=False, executor='parallel', parallel_workers=1, event_handlers=None, ignore_user_meta=False, metas=['./colcon.meta'], base_paths=['.'], packages_ignore=None, packages_ignore_regex=None, paths=None, packages_up_to=None, packages_up_to_regex=None, packages_above=None, packages_above_and_dependencies=None, packages_above_depth=None, packages_select_by_dep=None, packages_skip_by_dep=None, packages_skip_up_to=None, packages_select_build_failed=False, packages_skip_build_finished=False, packages_select_test_failures=False, packages_skip_test_passed=False, packages_select=None, packages_skip=None, packages_select_regex=None, packages_skip_regex=None, packages_start=None, packages_end=None, allow_overriding=[], cmake_args=None, cmake_target=None, cmake_target_skip_unavailable=False, cmake_clean_cache=False, cmake_clean_first=False, cmake_force_configure=False, ament_cmake_args=None, catkin_cmake_args=None, catkin_skip_building_tests=False, mixin_files=None, mixin=None, verb_parser=<colcon_mixin.mixin.mixin_argument.MixinArgumentDecorator object at 0x74d91bc31c30>, verb_extension=<colcon_core.verb.build.BuildVerb object at 0x74d91bc312a0>, main=<bound method BuildVerb.main of <colcon_core.verb.build.BuildVerb object at 0x74d91bc312a0>>, mixin_verb=('build',))
[1.356s] Level 1:colcon.colcon_core.package_discovery:discover_packages(colcon_meta) check parameters
[1.357s] Level 1:colcon.colcon_core.package_discovery:discover_packages(recursive) check parameters
[1.357s] Level 1:colcon.colcon_core.package_discovery:discover_packages(ignore) check parameters
[1.357s] Level 1:colcon.colcon_core.package_discovery:discover_packages(path) check parameters
[1.357s] Level 1:colcon.colcon_core.package_discovery:discover_packages(colcon_meta) discover
[1.357s] Level 1:colcon.colcon_core.package_discovery:discover_packages(recursive) discover
[1.357s] INFO:colcon.colcon_core.package_discovery:Crawling recursively for packages in '/home/aiguy/projectAI'
[1.358s] Level 1:colcon.colcon_core.package_identification:_identify(.) by extensions ['ignore', 'ignore_ament_install']
[1.358s] Level 1:colcon.colcon_core.package_identification:_identify(.) by extension 'ignore'
[1.358s] Level 1:colcon.colcon_core.package_identification:_identify(.) by extension 'ignore_ament_install'
[1.358s] Level 1:colcon.colcon_core.package_identification:_identify(.) by extensions ['colcon_pkg']
[1.359s] Level 1:colcon.colcon_core.package_identification:_identify(.) by extension 'colcon_pkg'
[1.359s] Level 1:colcon.colcon_core.package_identification:_identify(.) by extensions ['colcon_meta']
[1.359s] Level 1:colcon.colcon_core.package_identification:_identify(.) by extension 'colcon_meta'
[1.359s] Level 1:colcon.colcon_core.package_identification:_identify(.) by extensions ['ros']
[1.359s] Level 1:colcon.colcon_core.package_identification:_identify(.) by extension 'ros'
[1.396s] DEBUG:colcon.colcon_core.package_identification:Package '.' with type 'ros.ament_cmake' and name 'projectAI'
[1.397s] Level 1:colcon.colcon_core.package_discovery:discover_packages(recursive) using defaults
[1.397s] Level 1:colcon.colcon_core.package_discovery:discover_packages(ignore) discover
[1.397s] Level 1:colcon.colcon_core.package_discovery:discover_packages(ignore) using defaults
[1.397s] Level 1:colcon.colcon_core.package_discovery:discover_packages(path) discover
[1.397s] Level 1:colcon.colcon_core.package_discovery:discover_packages(path) using defaults
[1.518s] Level 1:colcon.colcon_core.package_discovery:discover_packages(prefix_path) check parameters
[1.518s] Level 1:colcon.colcon_core.package_discovery:discover_packages(prefix_path) discover
[1.530s] DEBUG:colcon.colcon_installed_package_information.package_discovery:Found 346 installed packages in /opt/ros/humble
[1.534s] Level 1:colcon.colcon_core.package_discovery:discover_packages(prefix_path) using defaults
[1.612s] Level 5:colcon.colcon_core.verb:set package 'projectAI' build argument 'cmake_args' from command line to 'None'
[1.612s] Level 5:colcon.colcon_core.verb:set package 'projectAI' build argument 'cmake_target' from command line to 'None'
[1.612s] Level 5:colcon.colcon_core.verb:set package 'projectAI' build argument 'cmake_target_skip_unavailable' from command line to 'False'
[1.612s] Level 5:colcon.colcon_core.verb:set package 'projectAI' build argument 'cmake_clean_cache' from command line to 'False'
[1.612s] Level 5:colcon.colcon_core.verb:set package 'projectAI' build argument 'cmake_clean_first' from command line to 'False'
[1.613s] Level 5:colcon.colcon_core.verb:set package 'projectAI' build argument 'cmake_force_configure' from command line to 'False'
[1.613s] Level 5:colcon.colcon_core.verb:set package 'projectAI' build argument 'ament_cmake_args' from command line to 'None'
[1.613s] Level 5:colcon.colcon_core.verb:set package 'projectAI' build argument 'catkin_cmake_args' from command line to 'None'
[1.613s] Level 5:colcon.colcon_core.verb:set package 'projectAI' build argument 'catkin_skip_building_tests' from command line to 'False'
[1.613s] DEBUG:colcon.colcon_core.verb:Building package 'projectAI' with the following arguments: {'ament_cmake_args': None, 'build_base': '/home/aiguy/projectAI/build/projectAI', 'catkin_cmake_args': None, 'catkin_skip_building_tests': False, 'cmake_args': None, 'cmake_clean_cache': False, 'cmake_clean_first': False, 'cmake_force_configure': False, 'cmake_target': None, 'cmake_target_skip_unavailable': False, 'install_base': '/home/aiguy/projectAI/install/projectAI', 'merge_install': False, 'path': '/home/aiguy/projectAI', 'symlink_install': True, 'test_result_base': None}
[1.613s] INFO:colcon.colcon_core.executor:Executing jobs using 'parallel' executor
[1.614s] DEBUG:colcon.colcon_parallel_executor.executor.parallel:run_until_complete
[1.614s] INFO:colcon.colcon_ros.task.ament_cmake.build:Building ROS package in '/home/aiguy/projectAI' with build type 'ament_cmake'
[1.614s] INFO:colcon.colcon_cmake.task.cmake.build:Building CMake package in '/home/aiguy/projectAI'
[1.638s] INFO:colcon.colcon_core.plugin_system:Skipping extension 'colcon_core.shell.bat': Not used on non-Windows systems
[1.638s] INFO:colcon.colcon_core.shell:Skip shell extension 'powershell' for command environment: Not usable outside of PowerShell
[1.638s] DEBUG:colcon.colcon_core.shell:Skip shell extension 'dsv' for command environment
[1.657s] DEBUG:colcon.colcon_core.event_handler.log_command:Invoking command in '/home/aiguy/projectAI/build/projectAI': CMAKE_PREFIX_PATH=/opt/ros/humble /usr/bin/cmake --build /home/aiguy/projectAI/build/projectAI -- -j1 -l1
[2.323s] DEBUG:colcon.colcon_core.event_handler.log_command:Invoked command in '/home/aiguy/projectAI/build/projectAI' returned '0': CMAKE_PREFIX_PATH=/opt/ros/humble /usr/bin/cmake --build /home/aiguy/projectAI/build/projectAI -- -j1 -l1
[2.384s] DEBUG:colcon.colcon_core.event_handler.log_command:Invoking command in '/home/aiguy/projectAI/build/projectAI': CMAKE_PREFIX_PATH=/opt/ros/humble /usr/bin/cmake --install /home/aiguy/projectAI/build/projectAI
[2.460s] Level 1:colcon.colcon_core.environment:create_environment_scripts_only(projectAI)
[2.461s] DEBUG:colcon.colcon_core.event_handler.log_command:Invoked command in '/home/aiguy/projectAI/build/projectAI' returned '0': CMAKE_PREFIX_PATH=/opt/ros/humble /usr/bin/cmake --install /home/aiguy/projectAI/build/projectAI
[2.481s] Level 1:colcon.colcon_core.environment:checking '/home/aiguy/projectAI/install/projectAI' for CMake module files
[2.481s] Level 1:colcon.colcon_core.environment:checking '/home/aiguy/projectAI/install/projectAI' for CMake config files
[2.482s] Level 1:colcon.colcon_core.shell:create_environment_hook('projectAI', 'cmake_prefix_path')
[2.482s] INFO:colcon.colcon_core.shell:Creating environment hook '/home/aiguy/projectAI/install/projectAI/share/projectAI/hook/cmake_prefix_path.ps1'
[2.485s] INFO:colcon.colcon_core.shell:Creating environment descriptor '/home/aiguy/projectAI/install/projectAI/share/projectAI/hook/cmake_prefix_path.dsv'
[2.486s] INFO:colcon.colcon_core.shell:Creating environment hook '/home/aiguy/projectAI/install/projectAI/share/projectAI/hook/cmake_prefix_path.sh'
[2.488s] Level 1:colcon.colcon_core.environment:checking '/home/aiguy/projectAI/install/projectAI/lib'
[2.488s] Level 1:colcon.colcon_core.environment:checking '/home/aiguy/projectAI/install/projectAI/bin'
[2.488s] Level 1:colcon.colcon_core.environment:checking '/home/aiguy/projectAI/install/projectAI/lib/pkgconfig/projectAI.pc'
[2.489s] Level 1:colcon.colcon_core.environment:checking '/home/aiguy/projectAI/install/projectAI/lib/python3.10/site-packages'
[2.489s] Level 1:colcon.colcon_core.environment:checking '/home/aiguy/projectAI/install/projectAI/bin'
[2.490s] INFO:colcon.colcon_core.shell:Creating package script '/home/aiguy/projectAI/install/projectAI/share/projectAI/package.ps1'
[2.492s] INFO:colcon.colcon_core.shell:Creating package descriptor '/home/aiguy/projectAI/install/projectAI/share/projectAI/package.dsv'
[2.493s] INFO:colcon.colcon_core.shell:Creating package script '/home/aiguy/projectAI/install/projectAI/share/projectAI/package.sh'
[2.494s] INFO:colcon.colcon_core.shell:Creating package script '/home/aiguy/projectAI/install/projectAI/share/projectAI/package.bash'
[2.498s] INFO:colcon.colcon_core.shell:Creating package script '/home/aiguy/projectAI/install/projectAI/share/projectAI/package.zsh'
[2.501s] Level 1:colcon.colcon_core.environment:create_file_with_runtime_dependencies(/home/aiguy/projectAI/install/projectAI/share/colcon-core/packages/projectAI)
[2.554s] Level 1:colcon.colcon_core.environment:create_environment_scripts_only(projectAI)
[2.554s] Level 1:colcon.colcon_core.environment:checking '/home/aiguy/projectAI/install/projectAI' for CMake module files
[2.555s] Level 1:colcon.colcon_core.environment:checking '/home/aiguy/projectAI/install/projectAI' for CMake config files
[2.555s] Level 1:colcon.colcon_core.shell:create_environment_hook('projectAI', 'cmake_prefix_path')
[2.556s] INFO:colcon.colcon_core.shell:Creating environment hook '/home/aiguy/projectAI/install/projectAI/share/projectAI/hook/cmake_prefix_path.ps1'
[2.556s] INFO:colcon.colcon_core.shell:Creating environment descriptor '/home/aiguy/projectAI/install/projectAI/share/projectAI/hook/cmake_prefix_path.dsv'
[2.556s] INFO:colcon.colcon_core.shell:Creating environment hook '/home/aiguy/projectAI/install/projectAI/share/projectAI/hook/cmake_prefix_path.sh'
[2.557s] Level 1:colcon.colcon_core.environment:checking '/home/aiguy/projectAI/install/projectAI/lib'
[2.558s] Level 1:colcon.colcon_core.environment:checking '/home/aiguy/projectAI/install/projectAI/bin'
[2.558s] Level 1:colcon.colcon_core.environment:checking '/home/aiguy/projectAI/install/projectAI/lib/pkgconfig/projectAI.pc'
[2.558s] Level 1:colcon.colcon_core.environment:checking '/home/aiguy/projectAI/install/projectAI/lib/python3.10/site-packages'
[2.558s] Level 1:colcon.colcon_core.environment:checking '/home/aiguy/projectAI/install/projectAI/bin'
[2.559s] INFO:colcon.colcon_core.shell:Creating package script '/home/aiguy/projectAI/install/projectAI/share/projectAI/package.ps1'
[2.560s] INFO:colcon.colcon_core.shell:Creating package descriptor '/home/aiguy/projectAI/install/projectAI/share/projectAI/package.dsv'
[2.560s] INFO:colcon.colcon_core.shell:Creating package script '/home/aiguy/projectAI/install/projectAI/share/projectAI/package.sh'
[2.561s] INFO:colcon.colcon_core.shell:Creating package script '/home/aiguy/projectAI/install/projectAI/share/projectAI/package.bash'
[2.561s] INFO:colcon.colcon_core.shell:Creating package script '/home/aiguy/projectAI/install/projectAI/share/projectAI/package.zsh'
[2.562s] Level 1:colcon.colcon_core.environment:create_file_with_runtime_dependencies(/home/aiguy/projectAI/install/projectAI/share/colcon-core/packages/projectAI)
[2.563s] DEBUG:colcon.colcon_parallel_executor.executor.parallel:closing loop
[2.563s] DEBUG:colcon.colcon_parallel_executor.executor.parallel:loop closed
[2.563s] DEBUG:colcon.colcon_parallel_executor.executor.parallel:run_until_complete finished with '0'
[2.563s] DEBUG:colcon.colcon_core.event_reactor:joining thread
[2.582s] INFO:colcon.colcon_core.plugin_system:Skipping extension 'colcon_notification.desktop_notification.terminal_notifier': Not used on non-Darwin systems
[2.582s] INFO:colcon.colcon_core.plugin_system:Skipping extension 'colcon_notification.desktop_notification.win32': Not used on non-Windows systems
[2.582s] INFO:colcon.colcon_notification.desktop_notification:Sending desktop notification using 'notify2'
[2.616s] DEBUG:colcon.colcon_core.event_reactor:joined thread
[2.617s] INFO:colcon.colcon_core.shell:Creating prefix script '/home/aiguy/projectAI/install/local_setup.ps1'
[2.619s] INFO:colcon.colcon_core.shell:Creating prefix util module '/home/aiguy/projectAI/install/_local_setup_util_ps1.py'
[2.622s] INFO:colcon.colcon_core.shell:Creating prefix chain script '/home/aiguy/projectAI/install/setup.ps1'
[2.626s] INFO:colcon.colcon_core.shell:Creating prefix script '/home/aiguy/projectAI/install/local_setup.sh'
[2.628s] INFO:colcon.colcon_core.shell:Creating prefix util module '/home/aiguy/projectAI/install/_local_setup_util_sh.py'
[2.628s] INFO:colcon.colcon_core.shell:Creating prefix chain script '/home/aiguy/projectAI/install/setup.sh'
[2.634s] INFO:colcon.colcon_core.shell:Creating prefix script '/home/aiguy/projectAI/install/local_setup.bash'
[2.636s] INFO:colcon.colcon_core.shell:Creating prefix chain script '/home/aiguy/projectAI/install/setup.bash'
[2.637s] INFO:colcon.colcon_core.shell:Creating prefix script '/home/aiguy/projectAI/install/local_setup.zsh'
[2.638s] INFO:colcon.colcon_core.shell:Creating prefix chain script '/home/aiguy/projectAI/install/setup.zsh'
