[ 20%] Built target pickup_action
[ 40%] Built target fill_action
[ 60%] Built target move_action
[ 80%] Built target deliver_action
[100%] Built target empty_action
-- Install configuration: ""
-- Execute custom install script
-- Up-to-date symlink: /home/aiguy/projectAI/install/projectAI/share/projectAI/launch/commands.txt
-- Up-to-date symlink: /home/aiguy/projectAI/install/projectAI/share/projectAI/launch/launch.py
-- Symlinking: /home/aiguy/projectAI/install/projectAI/share/projectAI/launch/plan.txt
-- Up-to-date symlink: /home/aiguy/projectAI/install/projectAI/share/projectAI/pddl/domain_durative.pddl
-- Up-to-date symlink: /home/aiguy/projectAI/install/projectAI/lib/projectAI/pickup_action
-- Up-to-date symlink: /home/aiguy/projectAI/install/projectAI/lib/projectAI/fill_action
-- Up-to-date symlink: /home/aiguy/projectAI/install/projectAI/lib/projectAI/move_action
-- Up-to-date symlink: /home/aiguy/projectAI/install/projectAI/lib/projectAI/deliver_action
-- Up-to-date symlink: /home/aiguy/projectAI/install/projectAI/lib/projectAI/empty_action
-- Up-to-date symlink: /home/aiguy/projectAI/install/projectAI/share/ament_index/resource_index/package_run_dependencies/projectAI
-- Up-to-date symlink: /home/aiguy/projectAI/install/projectAI/share/ament_index/resource_index/parent_prefix_path/projectAI
-- Up-to-date symlink: /home/aiguy/projectAI/install/projectAI/share/projectAI/environment/ament_prefix_path.sh
-- Up-to-date symlink: /home/aiguy/projectAI/install/projectAI/share/projectAI/environment/ament_prefix_path.dsv
-- Up-to-date symlink: /home/aiguy/projectAI/install/projectAI/share/projectAI/environment/path.sh
-- Up-to-date symlink: /home/aiguy/projectAI/install/projectAI/share/projectAI/environment/path.dsv
-- Up-to-date symlink: /home/aiguy/projectAI/install/projectAI/share/projectAI/local_setup.bash
-- Up-to-date symlink: /home/aiguy/projectAI/install/projectAI/share/projectAI/local_setup.sh
-- Up-to-date symlink: /home/aiguy/projectAI/install/projectAI/share/projectAI/local_setup.zsh
-- Up-to-date symlink: /home/aiguy/projectAI/install/projectAI/share/projectAI/local_setup.dsv
-- Symlinking: /home/aiguy/projectAI/install/projectAI/share/projectAI/package.dsv
-- Up-to-date symlink: /home/aiguy/projectAI/install/projectAI/share/ament_index/resource_index/packages/projectAI
-- Up-to-date symlink: /home/aiguy/projectAI/install/projectAI/share/projectAI/cmake/ament_cmake_export_dependencies-extras.cmake
-- Up-to-date symlink: /home/aiguy/projectAI/install/projectAI/share/projectAI/cmake/projectAIConfig.cmake
-- Up-to-date symlink: /home/aiguy/projectAI/install/projectAI/share/projectAI/cmake/projectAIConfig-version.cmake
-- Up-to-date symlink: /home/aiguy/projectAI/install/projectAI/share/projectAI/package.xml
