-- The C compiler identification is GNU 11.4.0
-- The CXX compiler identification is GNU 11.4.0
-- Detecting C compiler ABI info
-- Detecting C compiler ABI info - done
-- Check for working C compiler: /usr/bin/cc - skipped
-- Detecting C compile features
-- Detecting C compile features - done
-- Detecting CXX compiler ABI info
-- Detecting CXX compiler ABI info - done
-- Check for working CXX compiler: /usr/bin/c++ - skipped
-- Detecting CXX compile features
-- Detecting CXX compile features - done
-- Found ament_cmake: 1.3.8 (/opt/ros/humble/share/ament_cmake/cmake)
-- Found Python3: /usr/bin/python3 (found version "3.10.12") found components: Interpreter 
-- Override CMake install command with custom implementation using symlinks instead of copying resources
-- Found rclcpp: 16.0.8 (/opt/ros/humble/share/rclcpp/cmake)
-- Found rosidl_generator_c: 3.1.5 (/opt/ros/humble/share/rosidl_generator_c/cmake)
-- Found rosidl_adapter: 3.1.5 (/opt/ros/humble/share/rosidl_adapter/cmake)
-- Found rosidl_generator_cpp: 3.1.5 (/opt/ros/humble/share/rosidl_generator_cpp/cmake)
-- Using all available rosidl_typesupport_c: rosidl_typesupport_fastrtps_c;rosidl_typesupport_introspection_c
-- Using all available rosidl_typesupport_cpp: rosidl_typesupport_fastrtps_cpp;rosidl_typesupport_introspection_cpp
-- Found rmw_implementation_cmake: 6.1.1 (/opt/ros/humble/share/rmw_implementation_cmake/cmake)
-- Found rmw_cyclonedds_cpp: 1.3.4 (/opt/ros/humble/share/rmw_cyclonedds_cpp/cmake)
-- Using RMW implementation 'rmw_cyclonedds_cpp' as default
-- Looking for pthread.h
-- Looking for pthread.h - found
-- Performing Test CMAKE_HAVE_LIBC_PTHREAD
-- Performing Test CMAKE_HAVE_LIBC_PTHREAD - Success
-- Found Threads: TRUE  
-- Found rclcpp_action: 16.0.8 (/opt/ros/humble/share/rclcpp_action/cmake)
-- Found plansys2_executor: 2.0.9 (/opt/ros/humble/share/plansys2_executor/cmake)
-- Found ament_lint_auto: 0.12.10 (/opt/ros/humble/share/ament_lint_auto/cmake)
-- Added test 'copyright' to check source files copyright and LICENSE
-- Added test 'cppcheck' to perform static code analysis on C / C++ code
-- Configured cppcheck include dirs: 
-- Configured cppcheck exclude dirs and/or files: 
-- Added test 'cpplint' to check C / C++ code against the Google style
-- Configured cpplint exclude dirs and/or files: 
-- Added test 'flake8' to check Python code syntax and style conventions
-- Added test 'lint_cmake' to check CMake code style
-- Added test 'pep257' to check Python code against some of the docstring style conventions in PEP 257
-- Added test 'uncrustify' to check C / C++ code style
-- Configured uncrustify additional arguments: 
-- Added test 'xmllint' to check XML markup files
-- Configuring done
-- Generating done
-- Build files have been written to: /home/aiguy/projectAI/build/projectAI
[ 10%] [32mBuilding CXX object CMakeFiles/pickup_action.dir/src/pickup_action.cpp.o[0m
[ 20%] [32m[1mLinking CXX executable pickup_action[0m
[ 20%] Built target pickup_action
[ 30%] [32mBuilding CXX object CMakeFiles/fill_action.dir/src/fill_action.cpp.o[0m
[ 40%] [32m[1mLinking CXX executable fill_action[0m
[ 40%] Built target fill_action
[ 50%] [32mBuilding CXX object CMakeFiles/move_action.dir/src/move_action.cpp.o[0m
[ 60%] [32m[1mLinking CXX executable move_action[0m
[ 60%] Built target move_action
[ 70%] [32mBuilding CXX object CMakeFiles/deliver_action.dir/src/deliver_action.cpp.o[0m
[ 80%] [32m[1mLinking CXX executable deliver_action[0m
[ 80%] Built target deliver_action
[ 90%] [32mBuilding CXX object CMakeFiles/empty_action.dir/src/empty_action.cpp.o[0m
[100%] [32m[1mLinking CXX executable empty_action[0m
[100%] Built target empty_action
-- Install configuration: ""
-- Execute custom install script
-- Symlinking: /home/aiguy/projectAI/install/projectAI/share/projectAI/launch/commands.txt
-- Symlinking: /home/aiguy/projectAI/install/projectAI/share/projectAI/launch/launch.py
-- Symlinking: /home/aiguy/projectAI/install/projectAI/share/projectAI/launch/planquality.txt
-- Symlinking: /home/aiguy/projectAI/install/projectAI/share/projectAI/pddl/domain_durative.pddl
-- Symlinking: /home/aiguy/projectAI/install/projectAI/lib/projectAI/pickup_action
-- Symlinking: /home/aiguy/projectAI/install/projectAI/lib/projectAI/fill_action
-- Symlinking: /home/aiguy/projectAI/install/projectAI/lib/projectAI/move_action
-- Symlinking: /home/aiguy/projectAI/install/projectAI/lib/projectAI/deliver_action
-- Symlinking: /home/aiguy/projectAI/install/projectAI/lib/projectAI/empty_action
-- Symlinking: /home/aiguy/projectAI/install/projectAI/share/ament_index/resource_index/package_run_dependencies/projectAI
-- Symlinking: /home/aiguy/projectAI/install/projectAI/share/ament_index/resource_index/parent_prefix_path/projectAI
-- Symlinking: /home/aiguy/projectAI/install/projectAI/share/projectAI/environment/ament_prefix_path.sh
-- Symlinking: /home/aiguy/projectAI/install/projectAI/share/projectAI/environment/ament_prefix_path.dsv
-- Symlinking: /home/aiguy/projectAI/install/projectAI/share/projectAI/environment/path.sh
-- Symlinking: /home/aiguy/projectAI/install/projectAI/share/projectAI/environment/path.dsv
-- Symlinking: /home/aiguy/projectAI/install/projectAI/share/projectAI/local_setup.bash
-- Symlinking: /home/aiguy/projectAI/install/projectAI/share/projectAI/local_setup.sh
-- Symlinking: /home/aiguy/projectAI/install/projectAI/share/projectAI/local_setup.zsh
-- Symlinking: /home/aiguy/projectAI/install/projectAI/share/projectAI/local_setup.dsv
-- Symlinking: /home/aiguy/projectAI/install/projectAI/share/projectAI/package.dsv
-- Symlinking: /home/aiguy/projectAI/install/projectAI/share/ament_index/resource_index/packages/projectAI
-- Symlinking: /home/aiguy/projectAI/install/projectAI/share/projectAI/cmake/ament_cmake_export_dependencies-extras.cmake
-- Symlinking: /home/aiguy/projectAI/install/projectAI/share/projectAI/cmake/projectAIConfig.cmake
-- Symlinking: /home/aiguy/projectAI/install/projectAI/share/projectAI/cmake/projectAIConfig-version.cmake
-- Symlinking: /home/aiguy/projectAI/install/projectAI/share/projectAI/package.xml
