[0.004s] Invoking command in '/home/aiguy/projectAI/build/projectAI': CMAKE_PREFIX_PATH=/opt/ros/humble /usr/bin/cmake /home/aiguy/projectAI -DAMENT_CMAKE_SYMLINK_INSTALL=1 -DCMAKE_INSTALL_PREFIX=/home/aiguy/projectAI/install/projectAI
[0.129s] -- The C compiler identification is GNU 11.4.0
[0.249s] -- The CXX compiler identification is GNU 11.4.0
[0.267s] -- Detecting C compiler ABI info
[0.361s] -- Detecting C compiler ABI info - done
[0.379s] -- Check for working C compiler: /usr/bin/cc - skipped
[0.380s] -- Detecting C compile features
[0.381s] -- Detecting C compile features - done
[0.385s] -- Detecting CXX compiler ABI info
[0.489s] -- Detecting CXX compiler ABI info - done
[0.504s] -- Check for working CXX compiler: /usr/bin/c++ - skipped
[0.505s] -- Detecting CXX compile features
[0.505s] -- Detecting CXX compile features - done
[0.509s] -- Found ament_cmake: 1.3.8 (/opt/ros/humble/share/ament_cmake/cmake)
[0.764s] -- Found Python3: /usr/bin/python3 (found version "3.10.12") found components: Interpreter 
[0.848s] -- Override CMake install command with custom implementation using symlinks instead of copying resources
[0.879s] -- Found rclcpp: 16.0.8 (/opt/ros/humble/share/rclcpp/cmake)
[0.952s] -- Found rosidl_generator_c: 3.1.5 (/opt/ros/humble/share/rosidl_generator_c/cmake)
[0.960s] -- Found rosidl_adapter: 3.1.5 (/opt/ros/humble/share/rosidl_adapter/cmake)
[0.972s] -- Found rosidl_generator_cpp: 3.1.5 (/opt/ros/humble/share/rosidl_generator_cpp/cmake)
[0.992s] -- Using all available rosidl_typesupport_c: rosidl_typesupport_fastrtps_c;rosidl_typesupport_introspection_c
[1.048s] -- Using all available rosidl_typesupport_cpp: rosidl_typesupport_fastrtps_cpp;rosidl_typesupport_introspection_cpp
[1.197s] -- Found rmw_implementation_cmake: 6.1.1 (/opt/ros/humble/share/rmw_implementation_cmake/cmake)
[1.200s] -- Found rmw_cyclonedds_cpp: 1.3.4 (/opt/ros/humble/share/rmw_cyclonedds_cpp/cmake)
[1.271s] -- Using RMW implementation 'rmw_cyclonedds_cpp' as default
[1.284s] -- Looking for pthread.h
[1.375s] -- Looking for pthread.h - found
[1.376s] -- Performing Test CMAKE_HAVE_LIBC_PTHREAD
[1.473s] -- Performing Test CMAKE_HAVE_LIBC_PTHREAD - Success
[1.474s] -- Found Threads: TRUE  
[1.816s] -- Found rclcpp_action: 16.0.8 (/opt/ros/humble/share/rclcpp_action/cmake)
[2.013s] -- Found plansys2_executor: 2.0.9 (/opt/ros/humble/share/plansys2_executor/cmake)
[13.642s] -- Found ament_lint_auto: 0.12.10 (/opt/ros/humble/share/ament_lint_auto/cmake)
[13.722s] WARNING: Package name "projectAI" does not follow the naming conventions. It should start with a lower case letter and only contain lower case letters, digits, underscores, and dashes.
[13.757s] -- Added test 'copyright' to check source files copyright and LICENSE
[13.762s] -- Added test 'cppcheck' to perform static code analysis on C / C++ code
[13.763s] -- Configured cppcheck include dirs: 
[13.763s] -- Configured cppcheck exclude dirs and/or files: 
[13.768s] -- Added test 'cpplint' to check C / C++ code against the Google style
[13.768s] -- Configured cpplint exclude dirs and/or files: 
[13.769s] -- Added test 'flake8' to check Python code syntax and style conventions
[13.771s] -- Added test 'lint_cmake' to check CMake code style
[13.772s] -- Added test 'pep257' to check Python code against some of the docstring style conventions in PEP 257
[13.777s] -- Added test 'uncrustify' to check C / C++ code style
[13.777s] -- Configured uncrustify additional arguments: 
[13.779s] -- Added test 'xmllint' to check XML markup files
[13.781s] -- Configuring done
[13.936s] -- Generating done
[13.940s] -- Build files have been written to: /home/aiguy/projectAI/build/projectAI
[13.952s] Invoked command in '/home/aiguy/projectAI/build/projectAI' returned '0': CMAKE_PREFIX_PATH=/opt/ros/humble /usr/bin/cmake /home/aiguy/projectAI -DAMENT_CMAKE_SYMLINK_INSTALL=1 -DCMAKE_INSTALL_PREFIX=/home/aiguy/projectAI/install/projectAI
[13.952s] Invoking command in '/home/aiguy/projectAI/build/projectAI': CMAKE_PREFIX_PATH=/opt/ros/humble /usr/bin/cmake --build /home/aiguy/projectAI/build/projectAI -- -j1 -l1
[14.023s] [ 10%] [32mBuilding CXX object CMakeFiles/pickup_action.dir/src/pickup_action.cpp.o[0m
[21.419s] [ 20%] [32m[1mLinking CXX executable pickup_action[0m
[21.707s] [ 20%] Built target pickup_action
[21.736s] [ 30%] [32mBuilding CXX object CMakeFiles/fill_action.dir/src/fill_action.cpp.o[0m
[29.049s] [ 40%] [32m[1mLinking CXX executable fill_action[0m
[29.320s] [ 40%] Built target fill_action
[29.342s] [ 50%] [32mBuilding CXX object CMakeFiles/move_action.dir/src/move_action.cpp.o[0m
[36.440s] [ 60%] [32m[1mLinking CXX executable move_action[0m
[36.706s] [ 60%] Built target move_action
[36.746s] [ 70%] [32mBuilding CXX object CMakeFiles/deliver_action.dir/src/deliver_action.cpp.o[0m
[44.005s] [ 80%] [32m[1mLinking CXX executable deliver_action[0m
[44.257s] [ 80%] Built target deliver_action
[44.296s] [ 90%] [32mBuilding CXX object CMakeFiles/empty_action.dir/src/empty_action.cpp.o[0m
[51.522s] [100%] [32m[1mLinking CXX executable empty_action[0m
[51.772s] [100%] Built target empty_action
[51.785s] Invoked command in '/home/aiguy/projectAI/build/projectAI' returned '0': CMAKE_PREFIX_PATH=/opt/ros/humble /usr/bin/cmake --build /home/aiguy/projectAI/build/projectAI -- -j1 -l1
[51.851s] Invoking command in '/home/aiguy/projectAI/build/projectAI': CMAKE_PREFIX_PATH=/opt/ros/humble /usr/bin/cmake --install /home/aiguy/projectAI/build/projectAI
[51.860s] -- Install configuration: ""
[51.860s] -- Execute custom install script
[51.861s] -- Symlinking: /home/aiguy/projectAI/install/projectAI/share/projectAI/launch/commands.txt
[51.870s] -- Symlinking: /home/aiguy/projectAI/install/projectAI/share/projectAI/launch/launch.py
[51.879s] -- Symlinking: /home/aiguy/projectAI/install/projectAI/share/projectAI/launch/planquality.txt
[51.888s] -- Symlinking: /home/aiguy/projectAI/install/projectAI/share/projectAI/pddl/domain_durative.pddl
[51.913s] -- Symlinking: /home/aiguy/projectAI/install/projectAI/lib/projectAI/pickup_action
[51.925s] -- Symlinking: /home/aiguy/projectAI/install/projectAI/lib/projectAI/fill_action
[51.933s] -- Symlinking: /home/aiguy/projectAI/install/projectAI/lib/projectAI/move_action
[51.942s] -- Symlinking: /home/aiguy/projectAI/install/projectAI/lib/projectAI/deliver_action
[51.950s] -- Symlinking: /home/aiguy/projectAI/install/projectAI/lib/projectAI/empty_action
[51.959s] -- Symlinking: /home/aiguy/projectAI/install/projectAI/share/ament_index/resource_index/package_run_dependencies/projectAI
[51.968s] -- Symlinking: /home/aiguy/projectAI/install/projectAI/share/ament_index/resource_index/parent_prefix_path/projectAI
[51.977s] -- Symlinking: /home/aiguy/projectAI/install/projectAI/share/projectAI/environment/ament_prefix_path.sh
[51.986s] -- Symlinking: /home/aiguy/projectAI/install/projectAI/share/projectAI/environment/ament_prefix_path.dsv
[52.004s] -- Symlinking: /home/aiguy/projectAI/install/projectAI/share/projectAI/environment/path.sh
[52.020s] -- Symlinking: /home/aiguy/projectAI/install/projectAI/share/projectAI/environment/path.dsv
[52.031s] -- Symlinking: /home/aiguy/projectAI/install/projectAI/share/projectAI/local_setup.bash
[52.040s] -- Symlinking: /home/aiguy/projectAI/install/projectAI/share/projectAI/local_setup.sh
[52.049s] -- Symlinking: /home/aiguy/projectAI/install/projectAI/share/projectAI/local_setup.zsh
[52.058s] -- Symlinking: /home/aiguy/projectAI/install/projectAI/share/projectAI/local_setup.dsv
[52.067s] -- Symlinking: /home/aiguy/projectAI/install/projectAI/share/projectAI/package.dsv
[52.076s] -- Symlinking: /home/aiguy/projectAI/install/projectAI/share/ament_index/resource_index/packages/projectAI
[52.085s] -- Symlinking: /home/aiguy/projectAI/install/projectAI/share/projectAI/cmake/ament_cmake_export_dependencies-extras.cmake
[52.097s] -- Symlinking: /home/aiguy/projectAI/install/projectAI/share/projectAI/cmake/projectAIConfig.cmake
[52.121s] -- Symlinking: /home/aiguy/projectAI/install/projectAI/share/projectAI/cmake/projectAIConfig-version.cmake
[52.132s] -- Symlinking: /home/aiguy/projectAI/install/projectAI/share/projectAI/package.xml
[52.144s] Invoked command in '/home/aiguy/projectAI/build/projectAI' returned '0': CMAKE_PREFIX_PATH=/opt/ros/humble /usr/bin/cmake --install /home/aiguy/projectAI/build/projectAI
